Using pre-set license

 COMMAND LINE ARGUMENTS:
/Applications/Unity/Hub/Editor/2020.3.4f1/Unity.app/Contents/MacOS/Unity
-adb2
-batchMode
-noUpm
-name
AssetImportWorker1
-projectPath
/Users/albertogarciaruiz/Desktop/Unity/3D/practica_final/Practica Final
-logFile
Logs/AssetImportWorker1.log
-srvPort
49318
Successfully changed project path to: /Users/albertogarciaruiz/Desktop/Unity/3D/practica_final/Practica Final
/Users/albertogarciaruiz/Desktop/Unity/3D/practica_final/Practica Final
Using Asset Import Pipeline V2.
Refreshing native plugins compatible for Editor in 102.06 ms, found 1 plugins.
Preloading 0 native plugins for Editor in 0.00 ms.
Initialize engine version: 2020.3.4f1 (0abb6314276a)
[Subsystems] Discovering subsystems at path /Applications/Unity/Hub/Editor/2020.3.4f1/Unity.app/Contents/Resources/UnitySubsystems
[Subsystems] Discovering subsystems at path /Users/albertogarciaruiz/Desktop/Unity/3D/practica_final/Practica Final/Assets
GfxDevice: creating device client; threaded=0
2021-12-27 09:54:04.177 Unity[12713:322880] (null) preferred device: Apple M1 (high power)
2021-12-27 09:54:04.177 Unity[12713:322880] Metal devices available: 1
2021-12-27 09:54:04.177 Unity[12713:322880] 0: Apple M1 (high power)
2021-12-27 09:54:04.177 Unity[12713:322880] Using device Apple M1 (high power)
Initializing Metal device caps: Apple M1
Initialize mono
Mono path[0] = '/Applications/Unity/Hub/Editor/2020.3.4f1/Unity.app/Contents/Managed'
Mono path[1] = '/Applications/Unity/Hub/Editor/2020.3.4f1/Unity.app/Contents/MonoBleedingEdge/lib/mono/unityjit'
Mono config path = '/Applications/Unity/Hub/Editor/2020.3.4f1/Unity.app/Contents/MonoBleedingEdge/etc'
Using monoOptions --debugger-agent=transport=dt_socket,embedding=1,server=y,suspend=n,address=127.0.0.1:56713
Begin MonoManager ReloadAssembly
Registering precompiled unity dll's ...
Register platform support module: /Applications/Unity/Hub/Editor/2020.3.4f1/PlaybackEngines/WebGLSupport/UnityEditor.WebGL.Extensions.dll
Register platform support module: /Applications/Unity/Hub/Editor/2020.3.4f1/Unity.app/Contents/PlaybackEngines/MacStandaloneSupport/UnityEditor.OSXStandalone.Extensions.dll
Register platform support module: /Applications/Unity/Hub/Editor/2020.3.4f1/PlaybackEngines/WindowsStandaloneSupport/UnityEditor.WindowsStandalone.Extensions.dll
Registered in 0.002753 seconds.
Native extension for WindowsStandalone target not found
Native extension for OSXStandalone target not found
Native extension for WebGL target not found
Refreshing native plugins compatible for Editor in 42.97 ms, found 1 plugins.
Preloading 0 native plugins for Editor in 0.00 ms.
Mono: successfully reloaded assembly
- Completed reload, in  3.988 seconds
Platform modules already initialized, skipping
Registering precompiled user dll's ...
Registered in 0.001986 seconds.
Begin MonoManager ReloadAssembly
Native extension for WindowsStandalone target not found
Native extension for OSXStandalone target not found
Native extension for WebGL target not found
Refreshing native plugins compatible for Editor in 41.98 ms, found 1 plugins.
Preloading 0 native plugins for Editor in 0.00 ms.
Mono: successfully reloaded assembly
- Completed reload, in  4.607 seconds
Platform modules already initialized, skipping
========================================================================
Worker process is ready to serve import requests
Launching external process: /Applications/Unity/Hub/Editor/2020.3.4f1/Unity.app/Contents/Tools/UnityShaderCompiler
Launched and connected shader compiler UnityShaderCompiler after 0.03 seconds
Refreshing native plugins compatible for Editor in 0.41 ms, found 1 plugins.
Preloading 0 native plugins for Editor in 0.00 ms.
Unloading 2154 Unused Serialized files (Serialized files now loaded: 0)
System memory in use before: 272.8 MB.
System memory in use after: 272.3 MB.

Unloading 16 unused Assets to reduce memory usage. Loaded Objects now: 2631.
Total: 2.002542 ms (FindLiveObjects: 0.161250 ms CreateObjectMapping: 0.042750 ms MarkObjects: 1.410167 ms  DeleteObjects: 0.387416 ms)

========================================================================
Received Import Request.
  path: Assets/Prefabs/Zombie.prefab
  artifactKey: Guid(9656cce6d2b7b4b759542b05cb07bc69) Importer(815301076,1909f56bfc062723c751e8b465ee728b)
Start importing Assets/Prefabs/Zombie.prefab using Guid(9656cce6d2b7b4b759542b05cb07bc69) Importer(815301076,1909f56bfc062723c751e8b465ee728b)  -> (artifact id: 'ad28b103633e7d91a6c4a03bf6550724') in 1.578776 seconds
  Import took 1.585349 seconds .

========================================================================
Received Import Request.
  Time since last request: 109.561239 seconds.
  path: Assets/Sounds/Zombies
  artifactKey: Guid(25b6ad8e59f364fd89b7bbbd2eade134) Importer(815301076,1909f56bfc062723c751e8b465ee728b)
Start importing Assets/Sounds/Zombies using Guid(25b6ad8e59f364fd89b7bbbd2eade134) Importer(815301076,1909f56bfc062723c751e8b465ee728b)  -> (artifact id: '95dfc65f5f192671ca26793b3ed9d795') in 0.008351 seconds
  Import took 0.029814 seconds .

========================================================================
Received Import Request.
  Time since last request: 0.002603 seconds.
  path: Assets/Sounds/Zombies
  artifactKey: Guid(25b6ad8e59f364fd89b7bbbd2eade134) Importer(815301076,1909f56bfc062723c751e8b465ee728b)
Start importing Assets/Sounds/Zombies using Guid(25b6ad8e59f364fd89b7bbbd2eade134) Importer(815301076,1909f56bfc062723c751e8b465ee728b)  -> (artifact id: '95dfc65f5f192671ca26793b3ed9d795') in 0.001963 seconds
  Import took 0.005525 seconds .

========================================================================
Received Import Request.
  Time since last request: 11.820049 seconds.
  path: Assets/Sounds/Zombies/435651__wakerone__zombie-demon-scream.wav
  artifactKey: Guid(7a8f9ca1d5b95429c8c1c0b60922dcb9) Importer(815301076,1909f56bfc062723c751e8b465ee728b)
Start importing Assets/Sounds/Zombies/435651__wakerone__zombie-demon-scream.wav using Guid(7a8f9ca1d5b95429c8c1c0b60922dcb9) Importer(815301076,1909f56bfc062723c751e8b465ee728b)  -> (artifact id: '817562b52cd4d0d58d3412b32a1b9a90') in 0.886112 seconds
  Import took 0.890510 seconds .

========================================================================
Received Import Request.
  Time since last request: 5.241156 seconds.
  path: Assets/Sounds/Zombies/zombie_scream.wav
  artifactKey: Guid(7a8f9ca1d5b95429c8c1c0b60922dcb9) Importer(815301076,1909f56bfc062723c751e8b465ee728b)
Start importing Assets/Sounds/Zombies/zombie_scream.wav using Guid(7a8f9ca1d5b95429c8c1c0b60922dcb9) Importer(815301076,1909f56bfc062723c751e8b465ee728b)  -> (artifact id: 'ecb44114aa17a4f463d56a3ea45fa125') in 0.011172 seconds
  Import took 0.015764 seconds .

========================================================================
Received Prepare
Registering precompiled user dll's ...
Registered in 0.001423 seconds.
Begin MonoManager ReloadAssembly
Native extension for WindowsStandalone target not found
Native extension for OSXStandalone target not found
Native extension for WebGL target not found
Refreshing native plugins compatible for Editor in 0.68 ms, found 1 plugins.
Preloading 0 native plugins for Editor in 0.00 ms.
Mono: successfully reloaded assembly
- Completed reload, in  3.002 seconds
Platform modules already initialized, skipping
Refreshing native plugins compatible for Editor in 1.16 ms, found 1 plugins.
Preloading 0 native plugins for Editor in 0.00 ms.
Unloading 2125 Unused Serialized files (Serialized files now loaded: 0)
System memory in use before: 296.3 MB.
System memory in use after: 295.9 MB.

Unloading 9 unused Assets to reduce memory usage. Loaded Objects now: 2644.
Total: 10.448625 ms (FindLiveObjects: 1.099084 ms CreateObjectMapping: 0.091458 ms MarkObjects: 8.599083 ms  DeleteObjects: 0.656916 ms)

========================================================================
Received Prepare
Registering precompiled user dll's ...
Registered in 0.001260 seconds.
Begin MonoManager ReloadAssembly
Native extension for WindowsStandalone target not found
Native extension for OSXStandalone target not found
Native extension for WebGL target not found
Refreshing native plugins compatible for Editor in 0.59 ms, found 1 plugins.
Preloading 0 native plugins for Editor in 0.00 ms.
Mono: successfully reloaded assembly
- Completed reload, in  2.835 seconds
Platform modules already initialized, skipping
Refreshing native plugins compatible for Editor in 0.43 ms, found 1 plugins.
Preloading 0 native plugins for Editor in 0.00 ms.
Unloading 2125 Unused Serialized files (Serialized files now loaded: 0)
System memory in use before: 296.8 MB.
System memory in use after: 296.4 MB.

Unloading 9 unused Assets to reduce memory usage. Loaded Objects now: 2647.
Total: 2.019333 ms (FindLiveObjects: 0.181625 ms CreateObjectMapping: 0.042500 ms MarkObjects: 1.360333 ms  DeleteObjects: 0.433750 ms)

========================================================================
Received Prepare
Registering precompiled user dll's ...
Registered in 0.001253 seconds.
Begin MonoManager ReloadAssembly
Native extension for WindowsStandalone target not found
Native extension for OSXStandalone target not found
Native extension for WebGL target not found
Refreshing native plugins compatible for Editor in 0.90 ms, found 1 plugins.
Preloading 0 native plugins for Editor in 0.00 ms.
Mono: successfully reloaded assembly
- Completed reload, in  3.074 seconds
Platform modules already initialized, skipping
Refreshing native plugins compatible for Editor in 0.46 ms, found 1 plugins.
Preloading 0 native plugins for Editor in 0.00 ms.
Unloading 2125 Unused Serialized files (Serialized files now loaded: 0)
System memory in use before: 297.3 MB.
System memory in use after: 296.9 MB.

Unloading 9 unused Assets to reduce memory usage. Loaded Objects now: 2650.
Total: 11.197250 ms (FindLiveObjects: 0.243041 ms CreateObjectMapping: 0.071000 ms MarkObjects: 10.271291 ms  DeleteObjects: 0.607583 ms)

========================================================================
Received Prepare
Registering precompiled user dll's ...
Registered in 0.001249 seconds.
Begin MonoManager ReloadAssembly
Native extension for WindowsStandalone target not found
Native extension for OSXStandalone target not found
Native extension for WebGL target not found
Refreshing native plugins compatible for Editor in 0.39 ms, found 1 plugins.
Preloading 0 native plugins for Editor in 0.00 ms.
Mono: successfully reloaded assembly
- Completed reload, in  2.839 seconds
Platform modules already initialized, skipping
Refreshing native plugins compatible for Editor in 0.40 ms, found 1 plugins.
Preloading 0 native plugins for Editor in 0.00 ms.
Unloading 2125 Unused Serialized files (Serialized files now loaded: 0)
System memory in use before: 297.8 MB.
System memory in use after: 297.4 MB.

Unloading 9 unused Assets to reduce memory usage. Loaded Objects now: 2653.
Total: 2.120500 ms (FindLiveObjects: 0.232125 ms CreateObjectMapping: 0.046542 ms MarkObjects: 1.381334 ms  DeleteObjects: 0.459416 ms)

========================================================================
Received Import Request.
  Time since last request: 181.262337 seconds.
  path: Assets/Prefabs/Zombie.prefab
  artifactKey: Guid(9656cce6d2b7b4b759542b05cb07bc69) Importer(815301076,1909f56bfc062723c751e8b465ee728b)
Start importing Assets/Prefabs/Zombie.prefab using Guid(9656cce6d2b7b4b759542b05cb07bc69) Importer(815301076,1909f56bfc062723c751e8b465ee728b)  -> (artifact id: '7a7e27e9832448d6652bc315ca56a251') in 0.377399 seconds
  Import took 0.381640 seconds .

========================================================================
Received Import Request.
  Time since last request: 0.114481 seconds.
  path: Assets/Prefabs/Zombie.prefab
  artifactKey: Guid(9656cce6d2b7b4b759542b05cb07bc69) Importer(815301076,1909f56bfc062723c751e8b465ee728b)
Start importing Assets/Prefabs/Zombie.prefab using Guid(9656cce6d2b7b4b759542b05cb07bc69) Importer(815301076,1909f56bfc062723c751e8b465ee728b)  -> (artifact id: '7a7e27e9832448d6652bc315ca56a251') in 0.140601 seconds
  Import took 0.144607 seconds .

========================================================================
Received Import Request.
  Time since last request: 167.504144 seconds.
  path: Assets/Sounds/Zombies/483592__jossutossu__zombies.wav
  artifactKey: Guid(7f5e1287d31034cb0905e9d6da15bd46) Importer(815301076,1909f56bfc062723c751e8b465ee728b)
Start importing Assets/Sounds/Zombies/483592__jossutossu__zombies.wav using Guid(7f5e1287d31034cb0905e9d6da15bd46) Importer(815301076,1909f56bfc062723c751e8b465ee728b)  -> (artifact id: '9051a4c1cf255806b51342c25f61bf8d') in 0.068294 seconds
  Import took 0.085118 seconds .

========================================================================
Received Import Request.
  Time since last request: 5.111487 seconds.
  path: Assets/Sounds/Zombies/zombies_idle.wav
  artifactKey: Guid(7f5e1287d31034cb0905e9d6da15bd46) Importer(815301076,1909f56bfc062723c751e8b465ee728b)
Start importing Assets/Sounds/Zombies/zombies_idle.wav using Guid(7f5e1287d31034cb0905e9d6da15bd46) Importer(815301076,1909f56bfc062723c751e8b465ee728b)  -> (artifact id: '1b7c58e9ea94150e0189bbaaa25d528d') in 0.017738 seconds
  Import took 0.021715 seconds .

========================================================================
Received Import Request.
  Time since last request: 30.284237 seconds.
  path: Assets/Prefabs/Car.prefab
  artifactKey: Guid(d6b21bf0b8f5f4c07ac421d1c54a65a4) Importer(815301076,1909f56bfc062723c751e8b465ee728b)
Start importing Assets/Prefabs/Car.prefab using Guid(d6b21bf0b8f5f4c07ac421d1c54a65a4) Importer(815301076,1909f56bfc062723c751e8b465ee728b)  -> (artifact id: 'd23460319a473fa40aebbf77640063bb') in 0.148829 seconds
  Import took 0.153721 seconds .

========================================================================
Received Prepare
Registering precompiled user dll's ...
Registered in 0.002495 seconds.
Begin MonoManager ReloadAssembly
Native extension for WindowsStandalone target not found
Native extension for OSXStandalone target not found
Native extension for WebGL target not found
Refreshing native plugins compatible for Editor in 0.40 ms, found 1 plugins.
Preloading 0 native plugins for Editor in 0.00 ms.
Mono: successfully reloaded assembly
- Completed reload, in  2.652 seconds
Platform modules already initialized, skipping
Refreshing native plugins compatible for Editor in 0.37 ms, found 1 plugins.
Preloading 0 native plugins for Editor in 0.00 ms.
Unloading 2125 Unused Serialized files (Serialized files now loaded: 0)
System memory in use before: 298.6 MB.
System memory in use after: 298.2 MB.

Unloading 9 unused Assets to reduce memory usage. Loaded Objects now: 2658.
Total: 2.078750 ms (FindLiveObjects: 0.215500 ms CreateObjectMapping: 0.048417 ms MarkObjects: 1.345833 ms  DeleteObjects: 0.468041 ms)

========================================================================
Received Import Request.
  Time since last request: 145.724360 seconds.
  path: Assets/Prefabs/Zombie.prefab
  artifactKey: Guid(9656cce6d2b7b4b759542b05cb07bc69) Importer(815301076,1909f56bfc062723c751e8b465ee728b)
Start importing Assets/Prefabs/Zombie.prefab using Guid(9656cce6d2b7b4b759542b05cb07bc69) Importer(815301076,1909f56bfc062723c751e8b465ee728b)  -> (artifact id: 'fe029ab8612e73011d9a106eb64b10fa') in 0.422646 seconds
  Import took 0.431119 seconds .

========================================================================
Received Prepare
Registering precompiled user dll's ...
Registered in 0.002572 seconds.
Begin MonoManager ReloadAssembly
Native extension for WindowsStandalone target not found
Native extension for OSXStandalone target not found
Native extension for WebGL target not found
Refreshing native plugins compatible for Editor in 0.58 ms, found 1 plugins.
Preloading 0 native plugins for Editor in 0.00 ms.
Mono: successfully reloaded assembly
- Completed reload, in  3.325 seconds
Platform modules already initialized, skipping
Refreshing native plugins compatible for Editor in 0.38 ms, found 1 plugins.
Preloading 0 native plugins for Editor in 0.00 ms.
Unloading 2125 Unused Serialized files (Serialized files now loaded: 0)
System memory in use before: 299.1 MB.
System memory in use after: 298.7 MB.

Unloading 9 unused Assets to reduce memory usage. Loaded Objects now: 2662.
Total: 2.350417 ms (FindLiveObjects: 0.203333 ms CreateObjectMapping: 0.057292 ms MarkObjects: 1.611500 ms  DeleteObjects: 0.477250 ms)

========================================================================
Received Import Request.
  Time since last request: 32.479766 seconds.
  path: Assets/Prefabs/Zombie.prefab
  artifactKey: Guid(9656cce6d2b7b4b759542b05cb07bc69) Importer(815301076,1909f56bfc062723c751e8b465ee728b)
Start importing Assets/Prefabs/Zombie.prefab using Guid(9656cce6d2b7b4b759542b05cb07bc69) Importer(815301076,1909f56bfc062723c751e8b465ee728b)  -> (artifact id: 'a6ab05773921eddd4f4b8b84c78e461c') in 0.361178 seconds
  Import took 0.366398 seconds .

========================================================================
Received Import Request.
  Time since last request: 0.020797 seconds.
  path: Assets/Prefabs/Zombie.prefab
  artifactKey: Guid(9656cce6d2b7b4b759542b05cb07bc69) Importer(815301076,1909f56bfc062723c751e8b465ee728b)
Start importing Assets/Prefabs/Zombie.prefab using Guid(9656cce6d2b7b4b759542b05cb07bc69) Importer(815301076,1909f56bfc062723c751e8b465ee728b)  -> (artifact id: 'a6ab05773921eddd4f4b8b84c78e461c') in 0.149911 seconds
  Import took 0.153859 seconds .

========================================================================
Received Prepare
Registering precompiled user dll's ...
Registered in 0.001363 seconds.
Begin MonoManager ReloadAssembly
Native extension for WindowsStandalone target not found
Native extension for OSXStandalone target not found
Native extension for WebGL target not found
Refreshing native plugins compatible for Editor in 0.39 ms, found 1 plugins.
Preloading 0 native plugins for Editor in 0.00 ms.
Mono: successfully reloaded assembly
- Completed reload, in  2.829 seconds
Platform modules already initialized, skipping
Refreshing native plugins compatible for Editor in 0.38 ms, found 1 plugins.
Preloading 0 native plugins for Editor in 0.00 ms.
Unloading 2125 Unused Serialized files (Serialized files now loaded: 0)
System memory in use before: 299.8 MB.
System memory in use after: 299.4 MB.

Unloading 9 unused Assets to reduce memory usage. Loaded Objects now: 2666.
Total: 2.052833 ms (FindLiveObjects: 0.154125 ms CreateObjectMapping: 0.044334 ms MarkObjects: 1.367959 ms  DeleteObjects: 0.485375 ms)

========================================================================
Received Prepare
Registering precompiled user dll's ...
Registered in 0.003295 seconds.
Begin MonoManager ReloadAssembly
Native extension for WindowsStandalone target not found
Native extension for OSXStandalone target not found
Native extension for WebGL target not found
Refreshing native plugins compatible for Editor in 0.39 ms, found 1 plugins.
Preloading 0 native plugins for Editor in 0.00 ms.
Mono: successfully reloaded assembly
- Completed reload, in  2.779 seconds
Platform modules already initialized, skipping
Refreshing native plugins compatible for Editor in 0.37 ms, found 1 plugins.
Preloading 0 native plugins for Editor in 0.00 ms.
Unloading 2125 Unused Serialized files (Serialized files now loaded: 0)
System memory in use before: 300.2 MB.
System memory in use after: 299.8 MB.

Unloading 9 unused Assets to reduce memory usage. Loaded Objects now: 2669.
Total: 2.052750 ms (FindLiveObjects: 0.173375 ms CreateObjectMapping: 0.042875 ms MarkObjects: 1.358166 ms  DeleteObjects: 0.477542 ms)

========================================================================
Received Import Request.
  Time since last request: 86.729330 seconds.
  path: Assets/Prefabs/Zombie.prefab
  artifactKey: Guid(9656cce6d2b7b4b759542b05cb07bc69) Importer(815301076,1909f56bfc062723c751e8b465ee728b)
Start importing Assets/Prefabs/Zombie.prefab using Guid(9656cce6d2b7b4b759542b05cb07bc69) Importer(815301076,1909f56bfc062723c751e8b465ee728b)  -> (artifact id: 'fdb19264270ff687c384e59726c8a7fc') in 0.340759 seconds
  Import took 0.344837 seconds .

========================================================================
Received Prepare
Registering precompiled user dll's ...
Registered in 0.002177 seconds.
Begin MonoManager ReloadAssembly
Native extension for WindowsStandalone target not found
Native extension for OSXStandalone target not found
Native extension for WebGL target not found
Refreshing native plugins compatible for Editor in 0.37 ms, found 1 plugins.
Preloading 0 native plugins for Editor in 0.00 ms.
Mono: successfully reloaded assembly
- Completed reload, in  2.612 seconds
Platform modules already initialized, skipping
Refreshing native plugins compatible for Editor in 0.40 ms, found 1 plugins.
Preloading 0 native plugins for Editor in 0.00 ms.
Unloading 2125 Unused Serialized files (Serialized files now loaded: 0)
System memory in use before: 300.7 MB.
System memory in use after: 300.3 MB.

Unloading 9 unused Assets to reduce memory usage. Loaded Objects now: 2673.
Total: 2.070834 ms (FindLiveObjects: 0.141083 ms CreateObjectMapping: 0.042667 ms MarkObjects: 1.424000 ms  DeleteObjects: 0.462125 ms)

========================================================================
Received Import Request.
  Time since last request: 24.358661 seconds.
  path: Assets/Prefabs/Zombie.prefab
  artifactKey: Guid(9656cce6d2b7b4b759542b05cb07bc69) Importer(815301076,1909f56bfc062723c751e8b465ee728b)
Start importing Assets/Prefabs/Zombie.prefab using Guid(9656cce6d2b7b4b759542b05cb07bc69) Importer(815301076,1909f56bfc062723c751e8b465ee728b)  -> (artifact id: '8167517c33d88231acafabda0df18d94') in 0.353102 seconds
  Import took 0.357514 seconds .

========================================================================
Received Import Request.
  Time since last request: 0.008891 seconds.
  path: Assets/Prefabs/Zombie.prefab
  artifactKey: Guid(9656cce6d2b7b4b759542b05cb07bc69) Importer(815301076,1909f56bfc062723c751e8b465ee728b)
Start importing Assets/Prefabs/Zombie.prefab using Guid(9656cce6d2b7b4b759542b05cb07bc69) Importer(815301076,1909f56bfc062723c751e8b465ee728b)  -> (artifact id: '8167517c33d88231acafabda0df18d94') in 0.155313 seconds
  Import took 0.159410 seconds .

========================================================================
Received Import Request.
  Time since last request: 2.965355 seconds.
  path: Assets/Prefabs/Zombie.prefab
  artifactKey: Guid(9656cce6d2b7b4b759542b05cb07bc69) Importer(815301076,1909f56bfc062723c751e8b465ee728b)
Start importing Assets/Prefabs/Zombie.prefab using Guid(9656cce6d2b7b4b759542b05cb07bc69) Importer(815301076,1909f56bfc062723c751e8b465ee728b)  -> (artifact id: '979aa54015b0d64ff7ff159e867e6071') in 0.117573 seconds
  Import took 0.121786 seconds .

========================================================================
Received Import Request.
  Time since last request: 17.896149 seconds.
  path: Assets/Prefabs/Zombie.prefab
  artifactKey: Guid(9656cce6d2b7b4b759542b05cb07bc69) Importer(815301076,1909f56bfc062723c751e8b465ee728b)
Start importing Assets/Prefabs/Zombie.prefab using Guid(9656cce6d2b7b4b759542b05cb07bc69) Importer(815301076,1909f56bfc062723c751e8b465ee728b)  -> (artifact id: '36102e6f6bebc19cf657dd8cb6816761') in 0.142871 seconds
  Import took 0.146788 seconds .

========================================================================
Received Import Request.
  Time since last request: 2.447648 seconds.
  path: Assets/Prefabs/Zombie.prefab
  artifactKey: Guid(9656cce6d2b7b4b759542b05cb07bc69) Importer(815301076,1909f56bfc062723c751e8b465ee728b)
Start importing Assets/Prefabs/Zombie.prefab using Guid(9656cce6d2b7b4b759542b05cb07bc69) Importer(815301076,1909f56bfc062723c751e8b465ee728b)  -> (artifact id: '13052b7bf1935118f40f00920f042aeb') in 0.125265 seconds
  Import took 0.129340 seconds .

========================================================================
Received Prepare
Registering precompiled user dll's ...
Registered in 0.002305 seconds.
Begin MonoManager ReloadAssembly
Native extension for WindowsStandalone target not found
Native extension for OSXStandalone target not found
Native extension for WebGL target not found
Refreshing native plugins compatible for Editor in 0.43 ms, found 1 plugins.
Preloading 0 native plugins for Editor in 0.00 ms.
Mono: successfully reloaded assembly
- Completed reload, in  2.668 seconds
Platform modules already initialized, skipping
Refreshing native plugins compatible for Editor in 0.38 ms, found 1 plugins.
Preloading 0 native plugins for Editor in 0.00 ms.
Unloading 2125 Unused Serialized files (Serialized files now loaded: 0)
System memory in use before: 301.3 MB.
System memory in use after: 301.0 MB.

Unloading 9 unused Assets to reduce memory usage. Loaded Objects now: 2677.
Total: 1.993417 ms (FindLiveObjects: 0.156750 ms CreateObjectMapping: 0.041458 ms MarkObjects: 1.324083 ms  DeleteObjects: 0.470125 ms)

========================================================================
Received Import Request.
  Time since last request: 26.907945 seconds.
  path: Assets/Prefabs/Zombie.prefab
  artifactKey: Guid(9656cce6d2b7b4b759542b05cb07bc69) Importer(815301076,1909f56bfc062723c751e8b465ee728b)
Start importing Assets/Prefabs/Zombie.prefab using Guid(9656cce6d2b7b4b759542b05cb07bc69) Importer(815301076,1909f56bfc062723c751e8b465ee728b)  -> (artifact id: '86ee007311f62cdd7e3f22db779af075') in 0.328185 seconds
  Import took 0.332302 seconds .

========================================================================
Received Import Request.
  Time since last request: 12.324222 seconds.
  path: Assets/Prefabs/Zombie.prefab
  artifactKey: Guid(9656cce6d2b7b4b759542b05cb07bc69) Importer(815301076,1909f56bfc062723c751e8b465ee728b)
Start importing Assets/Prefabs/Zombie.prefab using Guid(9656cce6d2b7b4b759542b05cb07bc69) Importer(815301076,1909f56bfc062723c751e8b465ee728b)  -> (artifact id: 'd315076ecd12ecfa531a761ec1bcb711') in 0.136315 seconds
  Import took 0.140360 seconds .

========================================================================
Received Import Request.
  Time since last request: 1.326389 seconds.
  path: Assets/Prefabs/Zombie.prefab
  artifactKey: Guid(9656cce6d2b7b4b759542b05cb07bc69) Importer(815301076,1909f56bfc062723c751e8b465ee728b)
Start importing Assets/Prefabs/Zombie.prefab using Guid(9656cce6d2b7b4b759542b05cb07bc69) Importer(815301076,1909f56bfc062723c751e8b465ee728b)  -> (artifact id: 'bc8e2c77093e32cc5dab80cb47e885c9') in 0.122433 seconds
  Import took 0.126609 seconds .

========================================================================
Received Prepare
Registering precompiled user dll's ...
Registered in 0.002741 seconds.
Begin MonoManager ReloadAssembly
Native extension for WindowsStandalone target not found
Native extension for OSXStandalone target not found
Native extension for WebGL target not found
Refreshing native plugins compatible for Editor in 0.37 ms, found 1 plugins.
Preloading 0 native plugins for Editor in 0.00 ms.
Mono: successfully reloaded assembly
- Completed reload, in  2.804 seconds
Platform modules already initialized, skipping
Refreshing native plugins compatible for Editor in 0.39 ms, found 1 plugins.
Preloading 0 native plugins for Editor in 0.00 ms.
Unloading 2125 Unused Serialized files (Serialized files now loaded: 0)
System memory in use before: 301.9 MB.
System memory in use after: 301.5 MB.

Unloading 9 unused Assets to reduce memory usage. Loaded Objects now: 2681.
Total: 2.130292 ms (FindLiveObjects: 0.167042 ms CreateObjectMapping: 0.046041 ms MarkObjects: 1.417959 ms  DeleteObjects: 0.498292 ms)

========================================================================
Received Import Request.
  Time since last request: 66.156723 seconds.
  path: Assets/Prefabs/Zombie.prefab
  artifactKey: Guid(9656cce6d2b7b4b759542b05cb07bc69) Importer(815301076,1909f56bfc062723c751e8b465ee728b)
Start importing Assets/Prefabs/Zombie.prefab using Guid(9656cce6d2b7b4b759542b05cb07bc69) Importer(815301076,1909f56bfc062723c751e8b465ee728b)  -> (artifact id: '381c72137ff68a676b81ede6aeacb9b3') in 0.349323 seconds
  Import took 0.353610 seconds .

========================================================================
Received Prepare
Registering precompiled user dll's ...
Registered in 0.002456 seconds.
Begin MonoManager ReloadAssembly
Native extension for WindowsStandalone target not found
Native extension for OSXStandalone target not found
Native extension for WebGL target not found
Refreshing native plugins compatible for Editor in 0.54 ms, found 1 plugins.
Preloading 0 native plugins for Editor in 0.00 ms.
Mono: successfully reloaded assembly
- Completed reload, in  2.816 seconds
Platform modules already initialized, skipping
Refreshing native plugins compatible for Editor in 0.38 ms, found 1 plugins.
Preloading 0 native plugins for Editor in 0.00 ms.
Unloading 2125 Unused Serialized files (Serialized files now loaded: 0)
System memory in use before: 302.5 MB.
System memory in use after: 302.1 MB.

Unloading 9 unused Assets to reduce memory usage. Loaded Objects now: 2685.
Total: 2.217750 ms (FindLiveObjects: 0.178875 ms CreateObjectMapping: 0.046167 ms MarkObjects: 1.512708 ms  DeleteObjects: 0.479083 ms)

========================================================================
Received Import Request.
  Time since last request: 52.043348 seconds.
  path: Assets/Prefabs/Zombie.prefab
  artifactKey: Guid(9656cce6d2b7b4b759542b05cb07bc69) Importer(815301076,1909f56bfc062723c751e8b465ee728b)
Start importing Assets/Prefabs/Zombie.prefab using Guid(9656cce6d2b7b4b759542b05cb07bc69) Importer(815301076,1909f56bfc062723c751e8b465ee728b)  -> (artifact id: 'a9fda2d04dde16e7d22020572394fd3e') in 0.383420 seconds
  Import took 0.388580 seconds .

========================================================================
Received Import Request.
  Time since last request: 8.094281 seconds.
  path: Assets/Prefabs/Zombie.prefab
  artifactKey: Guid(9656cce6d2b7b4b759542b05cb07bc69) Importer(815301076,1909f56bfc062723c751e8b465ee728b)
Start importing Assets/Prefabs/Zombie.prefab using Guid(9656cce6d2b7b4b759542b05cb07bc69) Importer(815301076,1909f56bfc062723c751e8b465ee728b)  -> (artifact id: 'a9fda2d04dde16e7d22020572394fd3e') in 0.168827 seconds
  Import took 0.177153 seconds .

========================================================================
Received Prepare
Registering precompiled user dll's ...
Registered in 0.002448 seconds.
Begin MonoManager ReloadAssembly
Native extension for WindowsStandalone target not found
Native extension for OSXStandalone target not found
Native extension for WebGL target not found
Refreshing native plugins compatible for Editor in 0.37 ms, found 1 plugins.
Preloading 0 native plugins for Editor in 0.00 ms.
Mono: successfully reloaded assembly
- Completed reload, in  2.707 seconds
Platform modules already initialized, skipping
Refreshing native plugins compatible for Editor in 0.37 ms, found 1 plugins.
Preloading 0 native plugins for Editor in 0.00 ms.
Unloading 2125 Unused Serialized files (Serialized files now loaded: 0)
System memory in use before: 303.1 MB.
System memory in use after: 302.7 MB.

Unloading 9 unused Assets to reduce memory usage. Loaded Objects now: 2689.
Total: 1.997292 ms (FindLiveObjects: 0.152000 ms CreateObjectMapping: 0.043291 ms MarkObjects: 1.327417 ms  DeleteObjects: 0.473708 ms)

========================================================================
Received Import Request.
  Time since last request: 203.044995 seconds.
  path: Assets/Sounds/Zombies/534602__jollygreenz__zombiedeath.wav
  artifactKey: Guid(5e7714cdae7da44fa9386756872f727f) Importer(815301076,1909f56bfc062723c751e8b465ee728b)
Start importing Assets/Sounds/Zombies/534602__jollygreenz__zombiedeath.wav using Guid(5e7714cdae7da44fa9386756872f727f) Importer(815301076,1909f56bfc062723c751e8b465ee728b)  -> (artifact id: '9ab7cf647e9a4c67420b3069bb62a048') in 0.146599 seconds
  Import took 0.150676 seconds .

========================================================================
Received Import Request.
  Time since last request: 2.693237 seconds.
  path: Assets/Sounds/Zombies/zombie_die.wav
  artifactKey: Guid(5e7714cdae7da44fa9386756872f727f) Importer(815301076,1909f56bfc062723c751e8b465ee728b)
Start importing Assets/Sounds/Zombies/zombie_die.wav using Guid(5e7714cdae7da44fa9386756872f727f) Importer(815301076,1909f56bfc062723c751e8b465ee728b)  -> (artifact id: 'b3d94de501bf7713888f8747085abe5f') in 0.016703 seconds
  Import took 0.024755 seconds .

========================================================================
Received Prepare
Registering precompiled user dll's ...
Registered in 0.002763 seconds.
Begin MonoManager ReloadAssembly
Native extension for WindowsStandalone target not found
Native extension for OSXStandalone target not found
Native extension for WebGL target not found
Refreshing native plugins compatible for Editor in 0.91 ms, found 1 plugins.
Preloading 0 native plugins for Editor in 0.00 ms.
Mono: successfully reloaded assembly
- Completed reload, in  3.066 seconds
Platform modules already initialized, skipping
Refreshing native plugins compatible for Editor in 0.37 ms, found 1 plugins.
Preloading 0 native plugins for Editor in 0.00 ms.
Unloading 2125 Unused Serialized files (Serialized files now loaded: 0)
System memory in use before: 303.6 MB.
System memory in use after: 303.1 MB.

Unloading 9 unused Assets to reduce memory usage. Loaded Objects now: 2693.
Total: 3.070833 ms (FindLiveObjects: 0.223500 ms CreateObjectMapping: 0.062709 ms MarkObjects: 2.294416 ms  DeleteObjects: 0.488833 ms)

========================================================================
Received Prepare
Registering precompiled user dll's ...
Registered in 0.001275 seconds.
Begin MonoManager ReloadAssembly
Native extension for WindowsStandalone target not found
Native extension for OSXStandalone target not found
Native extension for WebGL target not found
Refreshing native plugins compatible for Editor in 0.60 ms, found 1 plugins.
Preloading 0 native plugins for Editor in 0.00 ms.
Mono: successfully reloaded assembly
- Completed reload, in  3.070 seconds
Platform modules already initialized, skipping
Refreshing native plugins compatible for Editor in 0.45 ms, found 1 plugins.
Preloading 0 native plugins for Editor in 0.00 ms.
Unloading 2125 Unused Serialized files (Serialized files now loaded: 0)
System memory in use before: 304.0 MB.
System memory in use after: 303.6 MB.

Unloading 9 unused Assets to reduce memory usage. Loaded Objects now: 2696.
Total: 3.345250 ms (FindLiveObjects: 0.250083 ms CreateObjectMapping: 0.059292 ms MarkObjects: 2.481291 ms  DeleteObjects: 0.553417 ms)

========================================================================
Received Prepare
Registering precompiled user dll's ...
Registered in 0.001601 seconds.
Begin MonoManager ReloadAssembly
Native extension for WindowsStandalone target not found
Native extension for OSXStandalone target not found
Native extension for WebGL target not found
Refreshing native plugins compatible for Editor in 0.57 ms, found 1 plugins.
Preloading 0 native plugins for Editor in 0.00 ms.
Mono: successfully reloaded assembly
- Completed reload, in  2.858 seconds
Platform modules already initialized, skipping
Refreshing native plugins compatible for Editor in 0.39 ms, found 1 plugins.
Preloading 0 native plugins for Editor in 0.00 ms.
Unloading 2125 Unused Serialized files (Serialized files now loaded: 0)
System memory in use before: 304.5 MB.
System memory in use after: 304.1 MB.

Unloading 9 unused Assets to reduce memory usage. Loaded Objects now: 2699.
Total: 2.205250 ms (FindLiveObjects: 0.257584 ms CreateObjectMapping: 0.045000 ms MarkObjects: 1.405584 ms  DeleteObjects: 0.495959 ms)

========================================================================
Received Prepare
Registering precompiled user dll's ...
Registered in 0.001478 seconds.
Begin MonoManager ReloadAssembly
Native extension for WindowsStandalone target not found
Native extension for OSXStandalone target not found
Native extension for WebGL target not found
Refreshing native plugins compatible for Editor in 0.94 ms, found 1 plugins.
Preloading 0 native plugins for Editor in 0.00 ms.
Mono: successfully reloaded assembly
- Completed reload, in  3.131 seconds
Platform modules already initialized, skipping
Refreshing native plugins compatible for Editor in 0.37 ms, found 1 plugins.
Preloading 0 native plugins for Editor in 0.00 ms.
Unloading 2125 Unused Serialized files (Serialized files now loaded: 0)
System memory in use before: 305.0 MB.
System memory in use after: 304.6 MB.

Unloading 9 unused Assets to reduce memory usage. Loaded Objects now: 2702.
Total: 2.832042 ms (FindLiveObjects: 0.209459 ms CreateObjectMapping: 0.064708 ms MarkObjects: 2.032541 ms  DeleteObjects: 0.524125 ms)

========================================================================
Received Import Request.
  Time since last request: 125.840961 seconds.
  path: Assets/Prefabs/Zombie.prefab
  artifactKey: Guid(9656cce6d2b7b4b759542b05cb07bc69) Importer(815301076,1909f56bfc062723c751e8b465ee728b)
Start importing Assets/Prefabs/Zombie.prefab using Guid(9656cce6d2b7b4b759542b05cb07bc69) Importer(815301076,1909f56bfc062723c751e8b465ee728b)  -> (artifact id: 'c865ea00584be87b05d782d7e6b0b789') in 0.350565 seconds
  Import took 0.357281 seconds .

========================================================================
Received Import Request.
  Time since last request: 0.017293 seconds.
  path: Assets/Prefabs/Zombie.prefab
  artifactKey: Guid(9656cce6d2b7b4b759542b05cb07bc69) Importer(815301076,1909f56bfc062723c751e8b465ee728b)
Start importing Assets/Prefabs/Zombie.prefab using Guid(9656cce6d2b7b4b759542b05cb07bc69) Importer(815301076,1909f56bfc062723c751e8b465ee728b)  -> (artifact id: 'c865ea00584be87b05d782d7e6b0b789') in 0.138064 seconds
  Import took 0.142056 seconds .

========================================================================
Received Prepare
Registering precompiled user dll's ...
Registered in 0.002011 seconds.
Begin MonoManager ReloadAssembly
Native extension for WindowsStandalone target not found
Native extension for OSXStandalone target not found
Native extension for WebGL target not found
Refreshing native plugins compatible for Editor in 0.37 ms, found 1 plugins.
Preloading 0 native plugins for Editor in 0.00 ms.
Mono: successfully reloaded assembly
- Completed reload, in  2.661 seconds
Platform modules already initialized, skipping
Refreshing native plugins compatible for Editor in 0.36 ms, found 1 plugins.
Preloading 0 native plugins for Editor in 0.00 ms.
Unloading 2125 Unused Serialized files (Serialized files now loaded: 0)
System memory in use before: 305.5 MB.
System memory in use after: 305.2 MB.

Unloading 9 unused Assets to reduce memory usage. Loaded Objects now: 2706.
Total: 1.989542 ms (FindLiveObjects: 0.154625 ms CreateObjectMapping: 0.049291 ms MarkObjects: 1.318167 ms  DeleteObjects: 0.466667 ms)

========================================================================
Received Import Request.
  Time since last request: 9.732883 seconds.
  path: Assets/Prefabs/Zombie.prefab
  artifactKey: Guid(9656cce6d2b7b4b759542b05cb07bc69) Importer(815301076,1909f56bfc062723c751e8b465ee728b)
Start importing Assets/Prefabs/Zombie.prefab using Guid(9656cce6d2b7b4b759542b05cb07bc69) Importer(815301076,1909f56bfc062723c751e8b465ee728b)  -> (artifact id: '8f93a8165745783fa8f735228d6e0c21') in 0.329828 seconds
  Import took 0.334222 seconds .

========================================================================
Received Import Request.
  Time since last request: 52.446682 seconds.
  path: Assets/Prefabs/Zombie.prefab
  artifactKey: Guid(9656cce6d2b7b4b759542b05cb07bc69) Importer(815301076,1909f56bfc062723c751e8b465ee728b)
Start importing Assets/Prefabs/Zombie.prefab using Guid(9656cce6d2b7b4b759542b05cb07bc69) Importer(815301076,1909f56bfc062723c751e8b465ee728b)  -> (artifact id: 'ea2a73a4d0f9db6d4da405549db66002') in 0.207809 seconds
  Import took 0.221734 seconds .

========================================================================
Received Prepare
Registering precompiled user dll's ...
Registered in 0.002338 seconds.
Begin MonoManager ReloadAssembly
Native extension for WindowsStandalone target not found
Native extension for OSXStandalone target not found
Native extension for WebGL target not found
Refreshing native plugins compatible for Editor in 0.36 ms, found 1 plugins.
Preloading 0 native plugins for Editor in 0.00 ms.
Mono: successfully reloaded assembly
- Completed reload, in  2.657 seconds
Platform modules already initialized, skipping
Refreshing native plugins compatible for Editor in 0.36 ms, found 1 plugins.
Preloading 0 native plugins for Editor in 0.00 ms.
Unloading 2125 Unused Serialized files (Serialized files now loaded: 0)
System memory in use before: 306.1 MB.
System memory in use after: 305.7 MB.

Unloading 9 unused Assets to reduce memory usage. Loaded Objects now: 2710.
Total: 2.064125 ms (FindLiveObjects: 0.165834 ms CreateObjectMapping: 0.044375 ms MarkObjects: 1.362250 ms  DeleteObjects: 0.490750 ms)

========================================================================
Received Import Request.
  Time since last request: 58.388856 seconds.
  path: Assets/Prefabs/Zombie.prefab
  artifactKey: Guid(9656cce6d2b7b4b759542b05cb07bc69) Importer(815301076,1909f56bfc062723c751e8b465ee728b)
Start importing Assets/Prefabs/Zombie.prefab using Guid(9656cce6d2b7b4b759542b05cb07bc69) Importer(815301076,1909f56bfc062723c751e8b465ee728b)  -> (artifact id: '01a82960bae062270acb88767196ad2a') in 0.333046 seconds
  Import took 0.337685 seconds .

========================================================================
Received Import Request.
  Time since last request: 2.489216 seconds.
  path: Assets/Prefabs/Zombie.prefab
  artifactKey: Guid(9656cce6d2b7b4b759542b05cb07bc69) Importer(815301076,1909f56bfc062723c751e8b465ee728b)
Start importing Assets/Prefabs/Zombie.prefab using Guid(9656cce6d2b7b4b759542b05cb07bc69) Importer(815301076,1909f56bfc062723c751e8b465ee728b)  -> (artifact id: '431e40a9130112cea403a776ba708122') in 0.128556 seconds
  Import took 0.133678 seconds .

========================================================================
Received Prepare
Registering precompiled user dll's ...
Registered in 0.001900 seconds.
Begin MonoManager ReloadAssembly
Native extension for WindowsStandalone target not found
Native extension for OSXStandalone target not found
Native extension for WebGL target not found
Refreshing native plugins compatible for Editor in 0.37 ms, found 1 plugins.
Preloading 0 native plugins for Editor in 0.00 ms.
Mono: successfully reloaded assembly
- Completed reload, in  2.747 seconds
Platform modules already initialized, skipping
Refreshing native plugins compatible for Editor in 0.39 ms, found 1 plugins.
Preloading 0 native plugins for Editor in 0.00 ms.
Unloading 2125 Unused Serialized files (Serialized files now loaded: 0)
System memory in use before: 306.6 MB.
System memory in use after: 306.2 MB.

Unloading 9 unused Assets to reduce memory usage. Loaded Objects now: 2714.
Total: 2.123708 ms (FindLiveObjects: 0.193833 ms CreateObjectMapping: 0.044000 ms MarkObjects: 1.385917 ms  DeleteObjects: 0.498958 ms)

========================================================================
Received Import Request.
  Time since last request: 81.740204 seconds.
  path: Assets/Prefabs/Zombie.prefab
  artifactKey: Guid(9656cce6d2b7b4b759542b05cb07bc69) Importer(815301076,1909f56bfc062723c751e8b465ee728b)
Start importing Assets/Prefabs/Zombie.prefab using Guid(9656cce6d2b7b4b759542b05cb07bc69) Importer(815301076,1909f56bfc062723c751e8b465ee728b)  -> (artifact id: 'cc06e0e68db2f29f7152bfa3d0b4f535') in 0.373210 seconds
  Import took 0.378664 seconds .

========================================================================
Received Import Request.
  Time since last request: 9.476780 seconds.
  path: Assets/Prefabs/Zombie.prefab
  artifactKey: Guid(9656cce6d2b7b4b759542b05cb07bc69) Importer(815301076,1909f56bfc062723c751e8b465ee728b)
Start importing Assets/Prefabs/Zombie.prefab using Guid(9656cce6d2b7b4b759542b05cb07bc69) Importer(815301076,1909f56bfc062723c751e8b465ee728b)  -> (artifact id: 'cc06e0e68db2f29f7152bfa3d0b4f535') in 0.141284 seconds
  Import took 0.148487 seconds .

========================================================================
Received Prepare
Registering precompiled user dll's ...
Registered in 0.001766 seconds.
Begin MonoManager ReloadAssembly
Native extension for WindowsStandalone target not found
Native extension for OSXStandalone target not found
Native extension for WebGL target not found
Refreshing native plugins compatible for Editor in 0.39 ms, found 1 plugins.
Preloading 0 native plugins for Editor in 0.00 ms.
Mono: successfully reloaded assembly
- Completed reload, in  2.725 seconds
Platform modules already initialized, skipping
Refreshing native plugins compatible for Editor in 0.37 ms, found 1 plugins.
Preloading 0 native plugins for Editor in 0.00 ms.
Unloading 2125 Unused Serialized files (Serialized files now loaded: 0)
System memory in use before: 307.2 MB.
System memory in use after: 306.9 MB.

Unloading 9 unused Assets to reduce memory usage. Loaded Objects now: 2718.
Total: 2.082708 ms (FindLiveObjects: 0.170750 ms CreateObjectMapping: 0.045834 ms MarkObjects: 1.373458 ms  DeleteObjects: 0.491791 ms)

========================================================================
Received Import Request.
  Time since last request: 12.175947 seconds.
  path: Assets/Prefabs/Zombie.prefab
  artifactKey: Guid(9656cce6d2b7b4b759542b05cb07bc69) Importer(815301076,1909f56bfc062723c751e8b465ee728b)
Start importing Assets/Prefabs/Zombie.prefab using Guid(9656cce6d2b7b4b759542b05cb07bc69) Importer(815301076,1909f56bfc062723c751e8b465ee728b)  -> (artifact id: '33bcc81a9adb128c107b752782e59f17') in 0.366975 seconds
  Import took 0.371516 seconds .

========================================================================
Received Import Request.
  Time since last request: 7.307778 seconds.
  path: Assets/Prefabs/Zombie.prefab
  artifactKey: Guid(9656cce6d2b7b4b759542b05cb07bc69) Importer(815301076,1909f56bfc062723c751e8b465ee728b)
Start importing Assets/Prefabs/Zombie.prefab using Guid(9656cce6d2b7b4b759542b05cb07bc69) Importer(815301076,1909f56bfc062723c751e8b465ee728b)  -> (artifact id: '33bcc81a9adb128c107b752782e59f17') in 0.136188 seconds
  Import took 0.141834 seconds .

========================================================================
Received Prepare
Registering precompiled user dll's ...
Registered in 0.002061 seconds.
Begin MonoManager ReloadAssembly
Native extension for WindowsStandalone target not found
Native extension for OSXStandalone target not found
Native extension for WebGL target not found
Refreshing native plugins compatible for Editor in 0.48 ms, found 1 plugins.
Preloading 0 native plugins for Editor in 0.00 ms.
Mono: successfully reloaded assembly
- Completed reload, in  2.833 seconds
Platform modules already initialized, skipping
Refreshing native plugins compatible for Editor in 0.40 ms, found 1 plugins.
Preloading 0 native plugins for Editor in 0.00 ms.
Unloading 2125 Unused Serialized files (Serialized files now loaded: 0)
System memory in use before: 307.9 MB.
System memory in use after: 307.5 MB.

Unloading 9 unused Assets to reduce memory usage. Loaded Objects now: 2722.
Total: 2.091084 ms (FindLiveObjects: 0.182875 ms CreateObjectMapping: 0.047083 ms MarkObjects: 1.350292 ms  DeleteObjects: 0.509792 ms)

========================================================================
Received Prepare
Registering precompiled user dll's ...
Registered in 0.005563 seconds.
Begin MonoManager ReloadAssembly
Native extension for WindowsStandalone target not found
Native extension for OSXStandalone target not found
Native extension for WebGL target not found
Refreshing native plugins compatible for Editor in 0.37 ms, found 1 plugins.
Preloading 0 native plugins for Editor in 0.00 ms.
Mono: successfully reloaded assembly
- Completed reload, in  2.771 seconds
Platform modules already initialized, skipping
Refreshing native plugins compatible for Editor in 0.37 ms, found 1 plugins.
Preloading 0 native plugins for Editor in 0.00 ms.
Unloading 2125 Unused Serialized files (Serialized files now loaded: 0)
System memory in use before: 308.4 MB.
System memory in use after: 308.1 MB.

Unloading 9 unused Assets to reduce memory usage. Loaded Objects now: 2725.
Total: 2.078209 ms (FindLiveObjects: 0.158250 ms CreateObjectMapping: 0.045083 ms MarkObjects: 1.377708 ms  DeleteObjects: 0.496208 ms)

========================================================================
Received Import Request.
  Time since last request: 324.287335 seconds.
  path: Assets/Prefabs/Zombie.prefab
  artifactKey: Guid(9656cce6d2b7b4b759542b05cb07bc69) Importer(815301076,1909f56bfc062723c751e8b465ee728b)
Start importing Assets/Prefabs/Zombie.prefab using Guid(9656cce6d2b7b4b759542b05cb07bc69) Importer(815301076,1909f56bfc062723c751e8b465ee728b)  -> (artifact id: '0b7228a865448085568f56a321c6c89c') in 0.336818 seconds
  Import took 0.341439 seconds .

========================================================================
Received Prepare
Registering precompiled user dll's ...
Registered in 0.002273 seconds.
Begin MonoManager ReloadAssembly
Native extension for WindowsStandalone target not found
Native extension for OSXStandalone target not found
Native extension for WebGL target not found
Refreshing native plugins compatible for Editor in 0.41 ms, found 1 plugins.
Preloading 0 native plugins for Editor in 0.00 ms.
Mono: successfully reloaded assembly
- Completed reload, in  2.957 seconds
Platform modules already initialized, skipping
Refreshing native plugins compatible for Editor in 0.39 ms, found 1 plugins.
Preloading 0 native plugins for Editor in 0.00 ms.
Unloading 2125 Unused Serialized files (Serialized files now loaded: 0)
System memory in use before: 308.9 MB.
System memory in use after: 308.6 MB.

Unloading 9 unused Assets to reduce memory usage. Loaded Objects now: 2729.
Total: 2.132334 ms (FindLiveObjects: 0.205459 ms CreateObjectMapping: 0.047291 ms MarkObjects: 1.386084 ms  DeleteObjects: 0.492375 ms)

========================================================================
Received Prepare
Registering precompiled user dll's ...
Registered in 0.002862 seconds.
Begin MonoManager ReloadAssembly
Native extension for WindowsStandalone target not found
Native extension for OSXStandalone target not found
Native extension for WebGL target not found
Refreshing native plugins compatible for Editor in 1.01 ms, found 1 plugins.
Preloading 0 native plugins for Editor in 0.00 ms.
Mono: successfully reloaded assembly
- Completed reload, in  3.532 seconds
Platform modules already initialized, skipping
Refreshing native plugins compatible for Editor in 0.41 ms, found 1 plugins.
Preloading 0 native plugins for Editor in 0.00 ms.
Unloading 2125 Unused Serialized files (Serialized files now loaded: 0)
System memory in use before: 309.4 MB.
System memory in use after: 309.1 MB.

Unloading 9 unused Assets to reduce memory usage. Loaded Objects now: 2732.
Total: 4.398709 ms (FindLiveObjects: 0.314667 ms CreateObjectMapping: 0.090041 ms MarkObjects: 3.441125 ms  DeleteObjects: 0.551209 ms)

========================================================================
Received Prepare
Registering precompiled user dll's ...
Registered in 0.001290 seconds.
Begin MonoManager ReloadAssembly
Native extension for WindowsStandalone target not found
Native extension for OSXStandalone target not found
Native extension for WebGL target not found
Refreshing native plugins compatible for Editor in 0.75 ms, found 1 plugins.
Preloading 0 native plugins for Editor in 0.00 ms.
Mono: successfully reloaded assembly
- Completed reload, in  2.889 seconds
Platform modules already initialized, skipping
Refreshing native plugins compatible for Editor in 0.39 ms, found 1 plugins.
Preloading 0 native plugins for Editor in 0.00 ms.
Unloading 2125 Unused Serialized files (Serialized files now loaded: 0)
System memory in use before: 309.9 MB.
System memory in use after: 309.6 MB.

Unloading 9 unused Assets to reduce memory usage. Loaded Objects now: 2735.
Total: 2.160666 ms (FindLiveObjects: 0.231666 ms CreateObjectMapping: 0.046292 ms MarkObjects: 1.383500 ms  DeleteObjects: 0.498208 ms)

========================================================================
Received Import Request.
  Time since last request: 233.341954 seconds.
  path: Assets/Prefabs/Zombie.prefab
  artifactKey: Guid(9656cce6d2b7b4b759542b05cb07bc69) Importer(815301076,1909f56bfc062723c751e8b465ee728b)
Start importing Assets/Prefabs/Zombie.prefab using Guid(9656cce6d2b7b4b759542b05cb07bc69) Importer(815301076,1909f56bfc062723c751e8b465ee728b)  -> (artifact id: 'eafb3a764e522d83a6ae7d105b4418fd') in 0.383947 seconds
  Import took 0.390530 seconds .

========================================================================
Received Import Request.
  Time since last request: 16.268099 seconds.
  path: Assets/Prefabs/Zombie.prefab
  artifactKey: Guid(9656cce6d2b7b4b759542b05cb07bc69) Importer(815301076,1909f56bfc062723c751e8b465ee728b)
Start importing Assets/Prefabs/Zombie.prefab using Guid(9656cce6d2b7b4b759542b05cb07bc69) Importer(815301076,1909f56bfc062723c751e8b465ee728b)  -> (artifact id: '412d224081b087f38504e4369d9156f2') in 0.176150 seconds
  Import took 0.180747 seconds .

========================================================================
Received Prepare
Registering precompiled user dll's ...
Registered in 0.002786 seconds.
Begin MonoManager ReloadAssembly
Native extension for WindowsStandalone target not found
Native extension for OSXStandalone target not found
Native extension for WebGL target not found
Refreshing native plugins compatible for Editor in 0.51 ms, found 1 plugins.
Preloading 0 native plugins for Editor in 0.00 ms.
Mono: successfully reloaded assembly
- Completed reload, in  2.753 seconds
Platform modules already initialized, skipping
Refreshing native plugins compatible for Editor in 0.37 ms, found 1 plugins.
Preloading 0 native plugins for Editor in 0.00 ms.
Unloading 2125 Unused Serialized files (Serialized files now loaded: 0)
System memory in use before: 310.5 MB.
System memory in use after: 310.2 MB.

Unloading 9 unused Assets to reduce memory usage. Loaded Objects now: 2739.
Total: 2.175000 ms (FindLiveObjects: 0.169583 ms CreateObjectMapping: 0.043709 ms MarkObjects: 1.472958 ms  DeleteObjects: 0.487875 ms)

========================================================================
Received Prepare
Registering precompiled user dll's ...
Registered in 0.001733 seconds.
Begin MonoManager ReloadAssembly
Native extension for WindowsStandalone target not found
Native extension for OSXStandalone target not found
Native extension for WebGL target not found
Refreshing native plugins compatible for Editor in 0.60 ms, found 1 plugins.
Preloading 0 native plugins for Editor in 0.00 ms.
Mono: successfully reloaded assembly
- Completed reload, in  3.055 seconds
Platform modules already initialized, skipping
Refreshing native plugins compatible for Editor in 0.37 ms, found 1 plugins.
Preloading 0 native plugins for Editor in 0.00 ms.
Unloading 2125 Unused Serialized files (Serialized files now loaded: 0)
System memory in use before: 311.1 MB.
System memory in use after: 310.8 MB.

Unloading 9 unused Assets to reduce memory usage. Loaded Objects now: 2742.
Total: 4.651000 ms (FindLiveObjects: 0.413667 ms CreateObjectMapping: 0.090375 ms MarkObjects: 3.598084 ms  DeleteObjects: 0.547417 ms)

========================================================================
Received Import Request.
  Time since last request: 307.737571 seconds.
  path: Assets/Sounds/Player
  artifactKey: Guid(a22f6e74f3f754548845d6c5d09c021a) Importer(815301076,1909f56bfc062723c751e8b465ee728b)
Start importing Assets/Sounds/Player using Guid(a22f6e74f3f754548845d6c5d09c021a) Importer(815301076,1909f56bfc062723c751e8b465ee728b)  -> (artifact id: '1a9dff08170606d5613c0780bc722baa') in 0.032646 seconds
  Import took 0.044271 seconds .

========================================================================
Received Prepare
Registering precompiled user dll's ...
Registered in 0.002185 seconds.
Begin MonoManager ReloadAssembly
Native extension for WindowsStandalone target not found
Native extension for OSXStandalone target not found
Native extension for WebGL target not found
Refreshing native plugins compatible for Editor in 0.39 ms, found 1 plugins.
Preloading 0 native plugins for Editor in 0.00 ms.
Mono: successfully reloaded assembly
- Completed reload, in  2.882 seconds
Platform modules already initialized, skipping
Refreshing native plugins compatible for Editor in 0.39 ms, found 1 plugins.
Preloading 0 native plugins for Editor in 0.00 ms.
Unloading 2125 Unused Serialized files (Serialized files now loaded: 0)
System memory in use before: 311.5 MB.
System memory in use after: 311.2 MB.

Unloading 9 unused Assets to reduce memory usage. Loaded Objects now: 2745.
Total: 2.998375 ms (FindLiveObjects: 0.268958 ms CreateObjectMapping: 0.088125 ms MarkObjects: 2.147916 ms  DeleteObjects: 0.492750 ms)

========================================================================
Received Prepare
Registering precompiled user dll's ...
Registered in 0.001394 seconds.
Begin MonoManager ReloadAssembly
Native extension for WindowsStandalone target not found
Native extension for OSXStandalone target not found
Native extension for WebGL target not found
Refreshing native plugins compatible for Editor in 0.61 ms, found 1 plugins.
Preloading 0 native plugins for Editor in 0.00 ms.
Mono: successfully reloaded assembly
- Completed reload, in  2.887 seconds
Platform modules already initialized, skipping
Refreshing native plugins compatible for Editor in 0.42 ms, found 1 plugins.
Preloading 0 native plugins for Editor in 0.00 ms.
Unloading 2125 Unused Serialized files (Serialized files now loaded: 0)
System memory in use before: 312.0 MB.
System memory in use after: 311.7 MB.

Unloading 9 unused Assets to reduce memory usage. Loaded Objects now: 2748.
Total: 2.799792 ms (FindLiveObjects: 0.208375 ms CreateObjectMapping: 0.058625 ms MarkObjects: 2.003583 ms  DeleteObjects: 0.528375 ms)

========================================================================
Received Prepare
Registering precompiled user dll's ...
Registered in 0.001162 seconds.
Begin MonoManager ReloadAssembly
Native extension for WindowsStandalone target not found
Native extension for OSXStandalone target not found
Native extension for WebGL target not found
Refreshing native plugins compatible for Editor in 0.68 ms, found 1 plugins.
Preloading 0 native plugins for Editor in 0.00 ms.
Mono: successfully reloaded assembly
- Completed reload, in  2.897 seconds
Platform modules already initialized, skipping
Refreshing native plugins compatible for Editor in 0.61 ms, found 1 plugins.
Preloading 0 native plugins for Editor in 0.00 ms.
Unloading 2125 Unused Serialized files (Serialized files now loaded: 0)
System memory in use before: 312.5 MB.
System memory in use after: 312.2 MB.

Unloading 9 unused Assets to reduce memory usage. Loaded Objects now: 2751.
Total: 3.612667 ms (FindLiveObjects: 0.263125 ms CreateObjectMapping: 0.067125 ms MarkObjects: 2.723292 ms  DeleteObjects: 0.558208 ms)

========================================================================
Received Prepare
Registering precompiled user dll's ...
Registered in 0.002340 seconds.
Begin MonoManager ReloadAssembly
Native extension for WindowsStandalone target not found
Native extension for OSXStandalone target not found
Native extension for WebGL target not found
Refreshing native plugins compatible for Editor in 0.80 ms, found 1 plugins.
Preloading 0 native plugins for Editor in 0.00 ms.
Mono: successfully reloaded assembly
- Completed reload, in  2.867 seconds
Platform modules already initialized, skipping
Refreshing native plugins compatible for Editor in 0.40 ms, found 1 plugins.
Preloading 0 native plugins for Editor in 0.00 ms.
Unloading 2125 Unused Serialized files (Serialized files now loaded: 0)
System memory in use before: 313.0 MB.
System memory in use after: 312.7 MB.

Unloading 9 unused Assets to reduce memory usage. Loaded Objects now: 2754.
Total: 2.819208 ms (FindLiveObjects: 0.250167 ms CreateObjectMapping: 0.056542 ms MarkObjects: 1.978458 ms  DeleteObjects: 0.532917 ms)

========================================================================
Received Prepare
Registering precompiled user dll's ...
Registered in 0.002159 seconds.
Begin MonoManager ReloadAssembly
Native extension for WindowsStandalone target not found
Native extension for OSXStandalone target not found
Native extension for WebGL target not found
Refreshing native plugins compatible for Editor in 0.73 ms, found 1 plugins.
Preloading 0 native plugins for Editor in 0.00 ms.
Mono: successfully reloaded assembly
- Completed reload, in  3.238 seconds
Platform modules already initialized, skipping
Refreshing native plugins compatible for Editor in 0.41 ms, found 1 plugins.
Preloading 0 native plugins for Editor in 0.00 ms.
Unloading 2125 Unused Serialized files (Serialized files now loaded: 0)
System memory in use before: 313.5 MB.
System memory in use after: 313.2 MB.

Unloading 9 unused Assets to reduce memory usage. Loaded Objects now: 2757.
Total: 3.005875 ms (FindLiveObjects: 0.277542 ms CreateObjectMapping: 0.111584 ms MarkObjects: 2.077667 ms  DeleteObjects: 0.537542 ms)

========================================================================
Received Prepare
Registering precompiled user dll's ...
Registered in 0.002680 seconds.
Begin MonoManager ReloadAssembly
Native extension for WindowsStandalone target not found
Native extension for OSXStandalone target not found
Native extension for WebGL target not found
Refreshing native plugins compatible for Editor in 0.62 ms, found 1 plugins.
Preloading 0 native plugins for Editor in 0.00 ms.
Mono: successfully reloaded assembly
- Completed reload, in  3.025 seconds
Platform modules already initialized, skipping
Refreshing native plugins compatible for Editor in 0.39 ms, found 1 plugins.
Preloading 0 native plugins for Editor in 0.00 ms.
Unloading 2125 Unused Serialized files (Serialized files now loaded: 0)
System memory in use before: 313.9 MB.
System memory in use after: 313.6 MB.

Unloading 9 unused Assets to reduce memory usage. Loaded Objects now: 2760.
Total: 2.493500 ms (FindLiveObjects: 0.247458 ms CreateObjectMapping: 0.059250 ms MarkObjects: 1.632833 ms  DeleteObjects: 0.552500 ms)

========================================================================
Received Prepare
Registering precompiled user dll's ...
Registered in 0.002256 seconds.
Begin MonoManager ReloadAssembly
Native extension for WindowsStandalone target not found
Native extension for OSXStandalone target not found
Native extension for WebGL target not found
Refreshing native plugins compatible for Editor in 0.89 ms, found 1 plugins.
Preloading 0 native plugins for Editor in 0.00 ms.
Mono: successfully reloaded assembly
- Completed reload, in  3.225 seconds
Platform modules already initialized, skipping
Refreshing native plugins compatible for Editor in 0.41 ms, found 1 plugins.
Preloading 0 native plugins for Editor in 0.00 ms.
Unloading 2125 Unused Serialized files (Serialized files now loaded: 0)
System memory in use before: 314.4 MB.
System memory in use after: 314.1 MB.

Unloading 9 unused Assets to reduce memory usage. Loaded Objects now: 2763.
Total: 2.364250 ms (FindLiveObjects: 0.214708 ms CreateObjectMapping: 0.087667 ms MarkObjects: 1.519625 ms  DeleteObjects: 0.541125 ms)

========================================================================
Received Prepare
Registering precompiled user dll's ...
Registered in 0.001280 seconds.
Begin MonoManager ReloadAssembly
Native extension for WindowsStandalone target not found
Native extension for OSXStandalone target not found
Native extension for WebGL target not found
Refreshing native plugins compatible for Editor in 0.39 ms, found 1 plugins.
Preloading 0 native plugins for Editor in 0.00 ms.
Mono: successfully reloaded assembly
- Completed reload, in  2.892 seconds
Platform modules already initialized, skipping
Refreshing native plugins compatible for Editor in 0.40 ms, found 1 plugins.
Preloading 0 native plugins for Editor in 0.00 ms.
Unloading 2125 Unused Serialized files (Serialized files now loaded: 0)
System memory in use before: 314.9 MB.
System memory in use after: 314.5 MB.

Unloading 9 unused Assets to reduce memory usage. Loaded Objects now: 2766.
Total: 2.097583 ms (FindLiveObjects: 0.194083 ms CreateObjectMapping: 0.047292 ms MarkObjects: 1.365625 ms  DeleteObjects: 0.489625 ms)

========================================================================
Received Prepare
Registering precompiled user dll's ...
Registered in 0.003853 seconds.
Begin MonoManager ReloadAssembly
Native extension for WindowsStandalone target not found
Native extension for OSXStandalone target not found
Native extension for WebGL target not found
Refreshing native plugins compatible for Editor in 0.38 ms, found 1 plugins.
Preloading 0 native plugins for Editor in 0.00 ms.
Mono: successfully reloaded assembly
- Completed reload, in  2.857 seconds
Platform modules already initialized, skipping
Refreshing native plugins compatible for Editor in 0.37 ms, found 1 plugins.
Preloading 0 native plugins for Editor in 0.00 ms.
Unloading 2125 Unused Serialized files (Serialized files now loaded: 0)
System memory in use before: 315.4 MB.
System memory in use after: 315.1 MB.

Unloading 9 unused Assets to reduce memory usage. Loaded Objects now: 2769.
Total: 2.182417 ms (FindLiveObjects: 0.292375 ms CreateObjectMapping: 0.045459 ms MarkObjects: 1.344875 ms  DeleteObjects: 0.498583 ms)

========================================================================
Received Prepare
Registering precompiled user dll's ...
Registered in 0.002288 seconds.
Begin MonoManager ReloadAssembly
Native extension for WindowsStandalone target not found
Native extension for OSXStandalone target not found
Native extension for WebGL target not found
Refreshing native plugins compatible for Editor in 0.49 ms, found 1 plugins.
Preloading 0 native plugins for Editor in 0.00 ms.
Mono: successfully reloaded assembly
- Completed reload, in  2.865 seconds
Platform modules already initialized, skipping
Refreshing native plugins compatible for Editor in 0.38 ms, found 1 plugins.
Preloading 0 native plugins for Editor in 0.00 ms.
Unloading 2125 Unused Serialized files (Serialized files now loaded: 0)
System memory in use before: 315.9 MB.
System memory in use after: 315.6 MB.

Unloading 9 unused Assets to reduce memory usage. Loaded Objects now: 2772.
Total: 2.129167 ms (FindLiveObjects: 0.197583 ms CreateObjectMapping: 0.048125 ms MarkObjects: 1.378792 ms  DeleteObjects: 0.503458 ms)

========================================================================
Received Prepare
Registering precompiled user dll's ...
Registered in 0.003223 seconds.
Begin MonoManager ReloadAssembly
Native extension for WindowsStandalone target not found
Native extension for OSXStandalone target not found
Native extension for WebGL target not found
Refreshing native plugins compatible for Editor in 1.09 ms, found 1 plugins.
Preloading 0 native plugins for Editor in 0.00 ms.
Mono: successfully reloaded assembly
- Completed reload, in  4.422 seconds
Platform modules already initialized, skipping
Refreshing native plugins compatible for Editor in 0.69 ms, found 1 plugins.
Preloading 0 native plugins for Editor in 0.00 ms.
Unloading 2125 Unused Serialized files (Serialized files now loaded: 0)
System memory in use before: 316.3 MB.
System memory in use after: 316.0 MB.

Unloading 9 unused Assets to reduce memory usage. Loaded Objects now: 2775.
Total: 9.320250 ms (FindLiveObjects: 0.618125 ms CreateObjectMapping: 0.122833 ms MarkObjects: 7.669542 ms  DeleteObjects: 0.907417 ms)

========================================================================
Received Prepare
Registering precompiled user dll's ...
Registered in 0.001405 seconds.
Begin MonoManager ReloadAssembly
Native extension for WindowsStandalone target not found
Native extension for OSXStandalone target not found
Native extension for WebGL target not found
Refreshing native plugins compatible for Editor in 0.41 ms, found 1 plugins.
Preloading 0 native plugins for Editor in 0.00 ms.
Mono: successfully reloaded assembly
- Completed reload, in  2.911 seconds
Platform modules already initialized, skipping
Refreshing native plugins compatible for Editor in 0.45 ms, found 1 plugins.
Preloading 0 native plugins for Editor in 0.00 ms.
Unloading 2125 Unused Serialized files (Serialized files now loaded: 0)
System memory in use before: 316.8 MB.
System memory in use after: 316.5 MB.

Unloading 9 unused Assets to reduce memory usage. Loaded Objects now: 2778.
Total: 3.456042 ms (FindLiveObjects: 0.306500 ms CreateObjectMapping: 0.073167 ms MarkObjects: 2.451667 ms  DeleteObjects: 0.623125 ms)

========================================================================
Received Prepare
Registering precompiled user dll's ...
Registered in 0.001571 seconds.
Begin MonoManager ReloadAssembly
Native extension for WindowsStandalone target not found
Native extension for OSXStandalone target not found
Native extension for WebGL target not found
Refreshing native plugins compatible for Editor in 0.58 ms, found 1 plugins.
Preloading 0 native plugins for Editor in 0.00 ms.
Mono: successfully reloaded assembly
- Completed reload, in  2.960 seconds
Platform modules already initialized, skipping
Refreshing native plugins compatible for Editor in 0.39 ms, found 1 plugins.
Preloading 0 native plugins for Editor in 0.00 ms.
Unloading 2125 Unused Serialized files (Serialized files now loaded: 0)
System memory in use before: 317.2 MB.
System memory in use after: 316.9 MB.

Unloading 9 unused Assets to reduce memory usage. Loaded Objects now: 2781.
Total: 2.203667 ms (FindLiveObjects: 0.255333 ms CreateObjectMapping: 0.058875 ms MarkObjects: 1.382625 ms  DeleteObjects: 0.505458 ms)

========================================================================
Received Prepare
Registering precompiled user dll's ...
Registered in 0.002772 seconds.
Begin MonoManager ReloadAssembly
Native extension for WindowsStandalone target not found
Native extension for OSXStandalone target not found
Native extension for WebGL target not found
Refreshing native plugins compatible for Editor in 0.75 ms, found 1 plugins.
Preloading 0 native plugins for Editor in 0.00 ms.
Mono: successfully reloaded assembly
- Completed reload, in  2.824 seconds
Platform modules already initialized, skipping
Refreshing native plugins compatible for Editor in 0.38 ms, found 1 plugins.
Preloading 0 native plugins for Editor in 0.00 ms.
Unloading 2125 Unused Serialized files (Serialized files now loaded: 0)
System memory in use before: 317.8 MB.
System memory in use after: 317.5 MB.

Unloading 9 unused Assets to reduce memory usage. Loaded Objects now: 2784.
Total: 2.096416 ms (FindLiveObjects: 0.187792 ms CreateObjectMapping: 0.044750 ms MarkObjects: 1.385833 ms  DeleteObjects: 0.477125 ms)

========================================================================
Received Prepare
Registering precompiled user dll's ...
Registered in 0.001969 seconds.
Begin MonoManager ReloadAssembly
Native extension for WindowsStandalone target not found
Native extension for OSXStandalone target not found
Native extension for WebGL target not found
Refreshing native plugins compatible for Editor in 0.37 ms, found 1 plugins.
Preloading 0 native plugins for Editor in 0.00 ms.
Mono: successfully reloaded assembly
- Completed reload, in  2.596 seconds
Platform modules already initialized, skipping
Refreshing native plugins compatible for Editor in 0.38 ms, found 1 plugins.
Preloading 0 native plugins for Editor in 0.00 ms.
Unloading 2125 Unused Serialized files (Serialized files now loaded: 0)
System memory in use before: 318.3 MB.
System memory in use after: 318.0 MB.

Unloading 9 unused Assets to reduce memory usage. Loaded Objects now: 2787.
Total: 2.090834 ms (FindLiveObjects: 0.187250 ms CreateObjectMapping: 0.047917 ms MarkObjects: 1.392958 ms  DeleteObjects: 0.461375 ms)

