Using pre-set license

 COMMAND LINE ARGUMENTS:
/Applications/Unity/Hub/Editor/2020.3.4f1/Unity.app/Contents/MacOS/Unity
-adb2
-batchMode
-noUpm
-name
AssetImportWorker0
-projectPath
/Users/albertogarciaruiz/Desktop/Unity/3D/practica_final/Practica Final
-logFile
Logs/AssetImportWorker0.log
-srvPort
56284
Successfully changed project path to: /Users/albertogarciaruiz/Desktop/Unity/3D/practica_final/Practica Final
/Users/albertogarciaruiz/Desktop/Unity/3D/practica_final/Practica Final
Using Asset Import Pipeline V2.
Refreshing native plugins compatible for Editor in 44.34 ms, found 1 plugins.
Preloading 0 native plugins for Editor in 0.00 ms.
Initialize engine version: 2020.3.4f1 (0abb6314276a)
[Subsystems] Discovering subsystems at path /Applications/Unity/Hub/Editor/2020.3.4f1/Unity.app/Contents/Resources/UnitySubsystems
[Subsystems] Discovering subsystems at path /Users/albertogarciaruiz/Desktop/Unity/3D/practica_final/Practica Final/Assets
GfxDevice: creating device client; threaded=0
2021-12-27 16:58:04.368 Unity[21574:522888] (null) preferred device: Apple M1 (high power)
2021-12-27 16:58:04.368 Unity[21574:522888] Metal devices available: 1
2021-12-27 16:58:04.368 Unity[21574:522888] 0: Apple M1 (high power)
2021-12-27 16:58:04.369 Unity[21574:522888] Using device Apple M1 (high power)
Initializing Metal device caps: Apple M1
Initialize mono
Mono path[0] = '/Applications/Unity/Hub/Editor/2020.3.4f1/Unity.app/Contents/Managed'
Mono path[1] = '/Applications/Unity/Hub/Editor/2020.3.4f1/Unity.app/Contents/MonoBleedingEdge/lib/mono/unityjit'
Mono config path = '/Applications/Unity/Hub/Editor/2020.3.4f1/Unity.app/Contents/MonoBleedingEdge/etc'
Using monoOptions --debugger-agent=transport=dt_socket,embedding=1,server=y,suspend=n,address=127.0.0.1:56574
Begin MonoManager ReloadAssembly
Registering precompiled unity dll's ...
Register platform support module: /Applications/Unity/Hub/Editor/2020.3.4f1/PlaybackEngines/WebGLSupport/UnityEditor.WebGL.Extensions.dll
Register platform support module: /Applications/Unity/Hub/Editor/2020.3.4f1/Unity.app/Contents/PlaybackEngines/MacStandaloneSupport/UnityEditor.OSXStandalone.Extensions.dll
Register platform support module: /Applications/Unity/Hub/Editor/2020.3.4f1/PlaybackEngines/WindowsStandaloneSupport/UnityEditor.WindowsStandalone.Extensions.dll
Registered in 0.003898 seconds.
Native extension for WindowsStandalone target not found
Native extension for OSXStandalone target not found
Native extension for WebGL target not found
Refreshing native plugins compatible for Editor in 46.69 ms, found 1 plugins.
Preloading 0 native plugins for Editor in 0.00 ms.
Mono: successfully reloaded assembly
- Completed reload, in  2.889 seconds
Platform modules already initialized, skipping
Registering precompiled user dll's ...
Registered in 0.002341 seconds.
Begin MonoManager ReloadAssembly
Native extension for WindowsStandalone target not found
Native extension for OSXStandalone target not found
Native extension for WebGL target not found
Refreshing native plugins compatible for Editor in 42.42 ms, found 1 plugins.
Preloading 0 native plugins for Editor in 0.00 ms.
Mono: successfully reloaded assembly
- Completed reload, in  4.533 seconds
Platform modules already initialized, skipping
========================================================================
Worker process is ready to serve import requests
Launching external process: /Applications/Unity/Hub/Editor/2020.3.4f1/Unity.app/Contents/Tools/UnityShaderCompiler
Launched and connected shader compiler UnityShaderCompiler after 0.03 seconds
Refreshing native plugins compatible for Editor in 0.39 ms, found 1 plugins.
Preloading 0 native plugins for Editor in 0.00 ms.
Unloading 2157 Unused Serialized files (Serialized files now loaded: 0)
System memory in use before: 273.1 MB.
System memory in use after: 272.7 MB.

Unloading 16 unused Assets to reduce memory usage. Loaded Objects now: 2634.
Total: 2.108500 ms (FindLiveObjects: 0.179458 ms CreateObjectMapping: 0.044125 ms MarkObjects: 1.462458 ms  DeleteObjects: 0.421500 ms)

========================================================================
Received Prepare
Registering precompiled user dll's ...
Registered in 0.002582 seconds.
Begin MonoManager ReloadAssembly
Native extension for WindowsStandalone target not found
Native extension for OSXStandalone target not found
Native extension for WebGL target not found
Refreshing native plugins compatible for Editor in 0.43 ms, found 1 plugins.
Preloading 0 native plugins for Editor in 0.00 ms.
Mono: successfully reloaded assembly
- Completed reload, in  2.872 seconds
Platform modules already initialized, skipping
Refreshing native plugins compatible for Editor in 0.40 ms, found 1 plugins.
Preloading 0 native plugins for Editor in 0.00 ms.
Unloading 2128 Unused Serialized files (Serialized files now loaded: 0)
System memory in use before: 270.9 MB.
System memory in use after: 270.5 MB.

Unloading 9 unused Assets to reduce memory usage. Loaded Objects now: 2637.
Total: 1.839625 ms (FindLiveObjects: 0.156584 ms CreateObjectMapping: 0.044166 ms MarkObjects: 1.267875 ms  DeleteObjects: 0.369833 ms)

========================================================================
Received Prepare
Registering precompiled user dll's ...
Registered in 0.001525 seconds.
Begin MonoManager ReloadAssembly
Native extension for WindowsStandalone target not found
Native extension for OSXStandalone target not found
Native extension for WebGL target not found
Refreshing native plugins compatible for Editor in 0.41 ms, found 1 plugins.
Preloading 0 native plugins for Editor in 0.00 ms.
Mono: successfully reloaded assembly
- Completed reload, in  2.920 seconds
Platform modules already initialized, skipping
Refreshing native plugins compatible for Editor in 0.64 ms, found 1 plugins.
Preloading 0 native plugins for Editor in 0.00 ms.
Unloading 2128 Unused Serialized files (Serialized files now loaded: 0)
System memory in use before: 271.5 MB.
System memory in use after: 271.1 MB.

Unloading 9 unused Assets to reduce memory usage. Loaded Objects now: 2640.
Total: 2.964833 ms (FindLiveObjects: 0.243000 ms CreateObjectMapping: 0.048125 ms MarkObjects: 2.069042 ms  DeleteObjects: 0.603583 ms)

========================================================================
Received Prepare
Registering precompiled user dll's ...
Registered in 0.002239 seconds.
Begin MonoManager ReloadAssembly
Native extension for WindowsStandalone target not found
Native extension for OSXStandalone target not found
Native extension for WebGL target not found
Refreshing native plugins compatible for Editor in 0.39 ms, found 1 plugins.
Preloading 0 native plugins for Editor in 0.00 ms.
Mono: successfully reloaded assembly
- Completed reload, in  2.713 seconds
Platform modules already initialized, skipping
Refreshing native plugins compatible for Editor in 0.40 ms, found 1 plugins.
Preloading 0 native plugins for Editor in 0.00 ms.
Unloading 2128 Unused Serialized files (Serialized files now loaded: 0)
System memory in use before: 272.0 MB.
System memory in use after: 271.6 MB.

Unloading 9 unused Assets to reduce memory usage. Loaded Objects now: 2643.
Total: 2.053459 ms (FindLiveObjects: 0.198875 ms CreateObjectMapping: 0.047291 ms MarkObjects: 1.337417 ms  DeleteObjects: 0.468875 ms)

========================================================================
Received Prepare
Registering precompiled user dll's ...
Registered in 0.001386 seconds.
Begin MonoManager ReloadAssembly
Native extension for WindowsStandalone target not found
Native extension for OSXStandalone target not found
Native extension for WebGL target not found
Refreshing native plugins compatible for Editor in 0.51 ms, found 1 plugins.
Preloading 0 native plugins for Editor in 0.00 ms.
Mono: successfully reloaded assembly
- Completed reload, in  2.978 seconds
Platform modules already initialized, skipping
Refreshing native plugins compatible for Editor in 0.41 ms, found 1 plugins.
Preloading 0 native plugins for Editor in 0.00 ms.
Unloading 2128 Unused Serialized files (Serialized files now loaded: 0)
System memory in use before: 272.5 MB.
System memory in use after: 272.0 MB.

Unloading 9 unused Assets to reduce memory usage. Loaded Objects now: 2646.
Total: 2.094625 ms (FindLiveObjects: 0.178000 ms CreateObjectMapping: 0.042250 ms MarkObjects: 1.395625 ms  DeleteObjects: 0.477750 ms)

========================================================================
Received Prepare
Registering precompiled user dll's ...
Registered in 0.001082 seconds.
Begin MonoManager ReloadAssembly
Native extension for WindowsStandalone target not found
Native extension for OSXStandalone target not found
Native extension for WebGL target not found
Refreshing native plugins compatible for Editor in 0.47 ms, found 1 plugins.
Preloading 0 native plugins for Editor in 0.00 ms.
Mono: successfully reloaded assembly
- Completed reload, in  2.932 seconds
Platform modules already initialized, skipping
Refreshing native plugins compatible for Editor in 0.40 ms, found 1 plugins.
Preloading 0 native plugins for Editor in 0.00 ms.
Unloading 2128 Unused Serialized files (Serialized files now loaded: 0)
System memory in use before: 272.9 MB.
System memory in use after: 272.5 MB.

Unloading 9 unused Assets to reduce memory usage. Loaded Objects now: 2649.
Total: 2.082750 ms (FindLiveObjects: 0.231917 ms CreateObjectMapping: 0.044792 ms MarkObjects: 1.342167 ms  DeleteObjects: 0.462709 ms)

========================================================================
Received Prepare
Registering precompiled user dll's ...
Registered in 0.002180 seconds.
Begin MonoManager ReloadAssembly
Native extension for WindowsStandalone target not found
Native extension for OSXStandalone target not found
Native extension for WebGL target not found
Refreshing native plugins compatible for Editor in 0.40 ms, found 1 plugins.
Preloading 0 native plugins for Editor in 0.00 ms.
Mono: successfully reloaded assembly
- Completed reload, in  2.759 seconds
Platform modules already initialized, skipping
Refreshing native plugins compatible for Editor in 0.39 ms, found 1 plugins.
Preloading 0 native plugins for Editor in 0.00 ms.
Unloading 2128 Unused Serialized files (Serialized files now loaded: 0)
System memory in use before: 273.4 MB.
System memory in use after: 273.0 MB.

Unloading 9 unused Assets to reduce memory usage. Loaded Objects now: 2652.
Total: 2.047375 ms (FindLiveObjects: 0.263750 ms CreateObjectMapping: 0.047583 ms MarkObjects: 1.289000 ms  DeleteObjects: 0.446167 ms)

========================================================================
Received Prepare
Registering precompiled user dll's ...
Registered in 0.001381 seconds.
Begin MonoManager ReloadAssembly
Native extension for WindowsStandalone target not found
Native extension for OSXStandalone target not found
Native extension for WebGL target not found
Refreshing native plugins compatible for Editor in 0.44 ms, found 1 plugins.
Preloading 0 native plugins for Editor in 0.00 ms.
Mono: successfully reloaded assembly
- Completed reload, in  2.972 seconds
Platform modules already initialized, skipping
Refreshing native plugins compatible for Editor in 0.41 ms, found 1 plugins.
Preloading 0 native plugins for Editor in 0.00 ms.
Unloading 2128 Unused Serialized files (Serialized files now loaded: 0)
System memory in use before: 273.9 MB.
System memory in use after: 273.5 MB.

Unloading 9 unused Assets to reduce memory usage. Loaded Objects now: 2655.
Total: 2.224041 ms (FindLiveObjects: 0.290792 ms CreateObjectMapping: 0.044500 ms MarkObjects: 1.420833 ms  DeleteObjects: 0.466583 ms)

========================================================================
Received Import Request.
  path: Assets/Animations/Player/Dying.anim
  artifactKey: Guid(ab102c06033654a76996269f20e6e2ee) Importer(815301076,1909f56bfc062723c751e8b465ee728b)
Start importing Assets/Animations/Player/Dying.anim using Guid(ab102c06033654a76996269f20e6e2ee) Importer(815301076,1909f56bfc062723c751e8b465ee728b)  -> (artifact id: '618eada0e8ad1c08a197e3fefc3aadab') in 0.753099 seconds
  Import took 0.760739 seconds .

========================================================================
Received Prepare
Registering precompiled user dll's ...
Registered in 0.003227 seconds.
Begin MonoManager ReloadAssembly
Native extension for WindowsStandalone target not found
Native extension for OSXStandalone target not found
Native extension for WebGL target not found
Refreshing native plugins compatible for Editor in 0.93 ms, found 1 plugins.
Preloading 0 native plugins for Editor in 0.00 ms.
Mono: successfully reloaded assembly
- Completed reload, in  3.080 seconds
Platform modules already initialized, skipping
Refreshing native plugins compatible for Editor in 0.39 ms, found 1 plugins.
Preloading 0 native plugins for Editor in 0.00 ms.
Unloading 2128 Unused Serialized files (Serialized files now loaded: 0)
System memory in use before: 278.8 MB.
System memory in use after: 278.3 MB.

Unloading 9 unused Assets to reduce memory usage. Loaded Objects now: 2658.
Total: 2.055791 ms (FindLiveObjects: 0.180666 ms CreateObjectMapping: 0.059042 ms MarkObjects: 1.375000 ms  DeleteObjects: 0.439875 ms)

========================================================================
Received Import Request.
  Time since last request: 186.776670 seconds.
  path: Assets/Prefabs/Car.prefab
  artifactKey: Guid(d6b21bf0b8f5f4c07ac421d1c54a65a4) Importer(815301076,1909f56bfc062723c751e8b465ee728b)
Start importing Assets/Prefabs/Car.prefab using Guid(d6b21bf0b8f5f4c07ac421d1c54a65a4) Importer(815301076,1909f56bfc062723c751e8b465ee728b)  -> (artifact id: '8aef5fdd8daba0302bd78b76cd623b25') in 0.626414 seconds
  Import took 0.638676 seconds .

========================================================================
Received Prepare
Registering precompiled user dll's ...
Registered in 0.001355 seconds.
Begin MonoManager ReloadAssembly
Native extension for WindowsStandalone target not found
Native extension for OSXStandalone target not found
Native extension for WebGL target not found
Refreshing native plugins compatible for Editor in 0.51 ms, found 1 plugins.
Preloading 0 native plugins for Editor in 0.00 ms.
Mono: successfully reloaded assembly
- Completed reload, in  2.923 seconds
Platform modules already initialized, skipping
Refreshing native plugins compatible for Editor in 0.44 ms, found 1 plugins.
Preloading 0 native plugins for Editor in 0.00 ms.
Unloading 2128 Unused Serialized files (Serialized files now loaded: 0)
System memory in use before: 286.8 MB.
System memory in use after: 286.4 MB.

Unloading 9 unused Assets to reduce memory usage. Loaded Objects now: 2669.
Total: 2.008375 ms (FindLiveObjects: 0.168667 ms CreateObjectMapping: 0.041750 ms MarkObjects: 1.404042 ms  DeleteObjects: 0.393000 ms)

========================================================================
Received Import Request.
  Time since last request: 214.582165 seconds.
  path: Assets/Scenes/MainMenu.unity
  artifactKey: Guid(edde1efe7566746ad858df58cf3016ec) Importer(815301076,1909f56bfc062723c751e8b465ee728b)
Start importing Assets/Scenes/MainMenu.unity using Guid(edde1efe7566746ad858df58cf3016ec) Importer(815301076,1909f56bfc062723c751e8b465ee728b)  -> (artifact id: 'c04fd3fc96ca8adefa1b119004a81b27') in 0.059591 seconds
  Import took 0.071214 seconds .

========================================================================
Received Prepare
Registering precompiled user dll's ...
Registered in 0.002749 seconds.
Begin MonoManager ReloadAssembly
Native extension for WindowsStandalone target not found
Native extension for OSXStandalone target not found
Native extension for WebGL target not found
Refreshing native plugins compatible for Editor in 0.39 ms, found 1 plugins.
Preloading 0 native plugins for Editor in 0.00 ms.
Mono: successfully reloaded assembly
- Completed reload, in  2.693 seconds
Platform modules already initialized, skipping
Refreshing native plugins compatible for Editor in 0.40 ms, found 1 plugins.
Preloading 0 native plugins for Editor in 0.00 ms.
Unloading 2128 Unused Serialized files (Serialized files now loaded: 0)
System memory in use before: 287.3 MB.
System memory in use after: 286.9 MB.

Unloading 9 unused Assets to reduce memory usage. Loaded Objects now: 2672.
Total: 2.019500 ms (FindLiveObjects: 0.198625 ms CreateObjectMapping: 0.043875 ms MarkObjects: 1.310375 ms  DeleteObjects: 0.465792 ms)

========================================================================
Received Import Request.
  Time since last request: 4.936538 seconds.
  path: Assets/Scenes/MainMenu 1.unity
  artifactKey: Guid(6a78251889fce425d92f2ad1d12aff87) Importer(815301076,1909f56bfc062723c751e8b465ee728b)
Start importing Assets/Scenes/MainMenu 1.unity using Guid(6a78251889fce425d92f2ad1d12aff87) Importer(815301076,1909f56bfc062723c751e8b465ee728b)  -> (artifact id: '99c4fb84ba6bf03547340e9ff6e1b8c2') in 0.019444 seconds
  Import took 0.022234 seconds .

========================================================================
Received Import Request.
  Time since last request: 2.768379 seconds.
  path: Assets/Scenes/GameOver.unity
  artifactKey: Guid(6a78251889fce425d92f2ad1d12aff87) Importer(815301076,1909f56bfc062723c751e8b465ee728b)
Start importing Assets/Scenes/GameOver.unity using Guid(6a78251889fce425d92f2ad1d12aff87) Importer(815301076,1909f56bfc062723c751e8b465ee728b)  -> (artifact id: 'c8151e6c24b9a5b0180ade494bfe854f') in 0.002590 seconds
  Import took 0.005653 seconds .

========================================================================
Received Prepare
Registering precompiled user dll's ...
Registered in 0.002902 seconds.
Begin MonoManager ReloadAssembly
Native extension for WindowsStandalone target not found
Native extension for OSXStandalone target not found
Native extension for WebGL target not found
Refreshing native plugins compatible for Editor in 0.44 ms, found 1 plugins.
Preloading 0 native plugins for Editor in 0.00 ms.
Mono: successfully reloaded assembly
- Completed reload, in  2.764 seconds
Platform modules already initialized, skipping
Refreshing native plugins compatible for Editor in 0.38 ms, found 1 plugins.
Preloading 0 native plugins for Editor in 0.00 ms.
Unloading 2128 Unused Serialized files (Serialized files now loaded: 0)
System memory in use before: 287.9 MB.
System memory in use after: 287.4 MB.

Unloading 9 unused Assets to reduce memory usage. Loaded Objects now: 2675.
Total: 2.112541 ms (FindLiveObjects: 0.192167 ms CreateObjectMapping: 0.042875 ms MarkObjects: 1.402834 ms  DeleteObjects: 0.473709 ms)

========================================================================
Received Prepare
Registering precompiled user dll's ...
Registered in 0.001172 seconds.
Begin MonoManager ReloadAssembly
Native extension for WindowsStandalone target not found
Native extension for OSXStandalone target not found
Native extension for WebGL target not found
Refreshing native plugins compatible for Editor in 0.41 ms, found 1 plugins.
Preloading 0 native plugins for Editor in 0.00 ms.
Mono: successfully reloaded assembly
- Completed reload, in  2.959 seconds
Platform modules already initialized, skipping
Refreshing native plugins compatible for Editor in 0.54 ms, found 1 plugins.
Preloading 0 native plugins for Editor in 0.00 ms.
Unloading 2128 Unused Serialized files (Serialized files now loaded: 0)
System memory in use before: 288.4 MB.
System memory in use after: 288.0 MB.

Unloading 9 unused Assets to reduce memory usage. Loaded Objects now: 2678.
Total: 2.078833 ms (FindLiveObjects: 0.207417 ms CreateObjectMapping: 0.043291 ms MarkObjects: 1.356166 ms  DeleteObjects: 0.471042 ms)

========================================================================
Received Import Request.
  Time since last request: 397.840923 seconds.
  path: Assets/Scenes/MainScene.unity
  artifactKey: Guid(d03355cb2b2cc99428f6e1bfb113b182) Importer(815301076,1909f56bfc062723c751e8b465ee728b)
Start importing Assets/Scenes/MainScene.unity using Guid(d03355cb2b2cc99428f6e1bfb113b182) Importer(815301076,1909f56bfc062723c751e8b465ee728b)  -> (artifact id: 'c1fc750ddacbd6c582d4ccbf8a867bce') in 0.062992 seconds
  Import took 0.070953 seconds .

========================================================================
Received Import Request.
  Time since last request: 133.133330 seconds.
  path: Assets/Scenes/GameOver.unity
  artifactKey: Guid(6a78251889fce425d92f2ad1d12aff87) Importer(815301076,1909f56bfc062723c751e8b465ee728b)
Start importing Assets/Scenes/GameOver.unity using Guid(6a78251889fce425d92f2ad1d12aff87) Importer(815301076,1909f56bfc062723c751e8b465ee728b)  -> (artifact id: '2ed8b8fd1df73e04e91ee3bb0fad1f1b') in 0.008861 seconds
  Import took 0.021550 seconds .

========================================================================
Received Prepare
Registering precompiled user dll's ...
Registered in 0.001384 seconds.
Begin MonoManager ReloadAssembly
Native extension for WindowsStandalone target not found
Native extension for OSXStandalone target not found
Native extension for WebGL target not found
Refreshing native plugins compatible for Editor in 0.41 ms, found 1 plugins.
Preloading 0 native plugins for Editor in 0.00 ms.
Mono: successfully reloaded assembly
- Completed reload, in  2.885 seconds
Platform modules already initialized, skipping
Refreshing native plugins compatible for Editor in 0.38 ms, found 1 plugins.
Preloading 0 native plugins for Editor in 0.00 ms.
Unloading 2128 Unused Serialized files (Serialized files now loaded: 0)
System memory in use before: 288.9 MB.
System memory in use after: 288.5 MB.

Unloading 9 unused Assets to reduce memory usage. Loaded Objects now: 2681.
Total: 1.950375 ms (FindLiveObjects: 0.140250 ms CreateObjectMapping: 0.041250 ms MarkObjects: 1.317083 ms  DeleteObjects: 0.450875 ms)

========================================================================
Received Prepare
Registering precompiled user dll's ...
Registered in 0.001506 seconds.
Begin MonoManager ReloadAssembly
Native extension for WindowsStandalone target not found
Native extension for OSXStandalone target not found
Native extension for WebGL target not found
Refreshing native plugins compatible for Editor in 0.41 ms, found 1 plugins.
Preloading 0 native plugins for Editor in 0.00 ms.
Mono: successfully reloaded assembly
- Completed reload, in  2.855 seconds
Platform modules already initialized, skipping
Refreshing native plugins compatible for Editor in 0.42 ms, found 1 plugins.
Preloading 0 native plugins for Editor in 0.00 ms.
Unloading 2128 Unused Serialized files (Serialized files now loaded: 0)
System memory in use before: 289.3 MB.
System memory in use after: 288.9 MB.

Unloading 9 unused Assets to reduce memory usage. Loaded Objects now: 2684.
Total: 2.057375 ms (FindLiveObjects: 0.197375 ms CreateObjectMapping: 0.043791 ms MarkObjects: 1.341375 ms  DeleteObjects: 0.473500 ms)

========================================================================
Received Prepare
Registering precompiled user dll's ...
Registered in 0.002098 seconds.
Begin MonoManager ReloadAssembly
Native extension for WindowsStandalone target not found
Native extension for OSXStandalone target not found
Native extension for WebGL target not found
Refreshing native plugins compatible for Editor in 0.39 ms, found 1 plugins.
Preloading 0 native plugins for Editor in 0.00 ms.
Mono: successfully reloaded assembly
- Completed reload, in  2.915 seconds
Platform modules already initialized, skipping
Refreshing native plugins compatible for Editor in 0.40 ms, found 1 plugins.
Preloading 0 native plugins for Editor in 0.00 ms.
Unloading 2128 Unused Serialized files (Serialized files now loaded: 0)
System memory in use before: 289.8 MB.
System memory in use after: 289.4 MB.

Unloading 9 unused Assets to reduce memory usage. Loaded Objects now: 2687.
Total: 2.143875 ms (FindLiveObjects: 0.235083 ms CreateObjectMapping: 0.043334 ms MarkObjects: 1.371666 ms  DeleteObjects: 0.492833 ms)

========================================================================
Received Prepare
Registering precompiled user dll's ...
Registered in 0.001976 seconds.
Begin MonoManager ReloadAssembly
Native extension for WindowsStandalone target not found
Native extension for OSXStandalone target not found
Native extension for WebGL target not found
Refreshing native plugins compatible for Editor in 0.40 ms, found 1 plugins.
Preloading 0 native plugins for Editor in 0.00 ms.
Mono: successfully reloaded assembly
- Completed reload, in  2.820 seconds
Platform modules already initialized, skipping
Refreshing native plugins compatible for Editor in 0.42 ms, found 1 plugins.
Preloading 0 native plugins for Editor in 0.00 ms.
Unloading 2128 Unused Serialized files (Serialized files now loaded: 0)
System memory in use before: 290.2 MB.
System memory in use after: 289.9 MB.

Unloading 9 unused Assets to reduce memory usage. Loaded Objects now: 2690.
Total: 2.238625 ms (FindLiveObjects: 0.250625 ms CreateObjectMapping: 0.046292 ms MarkObjects: 1.448833 ms  DeleteObjects: 0.491875 ms)

