Using pre-set license

 COMMAND LINE ARGUMENTS:
/Applications/Unity/Hub/Editor/2020.3.4f1/Unity.app/Contents/MacOS/Unity
-adb2
-batchMode
-noUpm
-name
AssetImportWorker0
-projectPath
/Users/albertogarciaruiz/Desktop/Unity/3D/Practica Final
-logFile
Logs/AssetImportWorker0.log
-srvPort
49901
Successfully changed project path to: /Users/albertogarciaruiz/Desktop/Unity/3D/Practica Final
/Users/albertogarciaruiz/Desktop/Unity/3D/Practica Final
Using Asset Import Pipeline V2.
Refreshing native plugins compatible for Editor in 59.05 ms, found 1 plugins.
Preloading 0 native plugins for Editor in 0.00 ms.
Initialize engine version: 2020.3.4f1 (0abb6314276a)
[Subsystems] Discovering subsystems at path /Applications/Unity/Hub/Editor/2020.3.4f1/Unity.app/Contents/Resources/UnitySubsystems
[Subsystems] Discovering subsystems at path /Users/albertogarciaruiz/Desktop/Unity/3D/Practica Final/Assets
GfxDevice: creating device client; threaded=0
2021-12-16 14:55:42.076 Unity[2681:39622] (null) preferred device: Apple M1 (high power)
2021-12-16 14:55:42.076 Unity[2681:39622] Metal devices available: 1
2021-12-16 14:55:42.076 Unity[2681:39622] 0: Apple M1 (high power)
2021-12-16 14:55:42.077 Unity[2681:39622] Using device Apple M1 (high power)
Initializing Metal device caps: Apple M1
Initialize mono
Mono path[0] = '/Applications/Unity/Hub/Editor/2020.3.4f1/Unity.app/Contents/Managed'
Mono path[1] = '/Applications/Unity/Hub/Editor/2020.3.4f1/Unity.app/Contents/MonoBleedingEdge/lib/mono/unityjit'
Mono config path = '/Applications/Unity/Hub/Editor/2020.3.4f1/Unity.app/Contents/MonoBleedingEdge/etc'
Using monoOptions --debugger-agent=transport=dt_socket,embedding=1,server=y,suspend=n,address=127.0.0.1:56681
Begin MonoManager ReloadAssembly
Registering precompiled unity dll's ...
Register platform support module: /Applications/Unity/Hub/Editor/2020.3.4f1/PlaybackEngines/WebGLSupport/UnityEditor.WebGL.Extensions.dll
Register platform support module: /Applications/Unity/Hub/Editor/2020.3.4f1/Unity.app/Contents/PlaybackEngines/MacStandaloneSupport/UnityEditor.OSXStandalone.Extensions.dll
Register platform support module: /Applications/Unity/Hub/Editor/2020.3.4f1/PlaybackEngines/WindowsStandaloneSupport/UnityEditor.WindowsStandalone.Extensions.dll
Registered in 0.002806 seconds.
Native extension for WindowsStandalone target not found
Native extension for OSXStandalone target not found
Native extension for WebGL target not found
Refreshing native plugins compatible for Editor in 41.13 ms, found 1 plugins.
Preloading 0 native plugins for Editor in 0.00 ms.
Mono: successfully reloaded assembly
- Completed reload, in  2.999 seconds
Platform modules already initialized, skipping
Registering precompiled user dll's ...
Registered in 0.001144 seconds.
Begin MonoManager ReloadAssembly
Native extension for WindowsStandalone target not found
Native extension for OSXStandalone target not found
Native extension for WebGL target not found
Refreshing native plugins compatible for Editor in 37.93 ms, found 1 plugins.
Preloading 0 native plugins for Editor in 0.00 ms.
Mono: successfully reloaded assembly
- Completed reload, in  4.430 seconds
Platform modules already initialized, skipping
========================================================================
Worker process is ready to serve import requests
Launching external process: /Applications/Unity/Hub/Editor/2020.3.4f1/Unity.app/Contents/Tools/UnityShaderCompiler
Launched and connected shader compiler UnityShaderCompiler after 0.03 seconds
Refreshing native plugins compatible for Editor in 0.32 ms, found 1 plugins.
Preloading 0 native plugins for Editor in 0.00 ms.
Unloading 2027 Unused Serialized files (Serialized files now loaded: 0)
System memory in use before: 256.3 MB.
System memory in use after: 256.3 MB.

Unloading 14 unused Assets to reduce memory usage. Loaded Objects now: 2498.
Total: 2.499667 ms (FindLiveObjects: 0.204750 ms CreateObjectMapping: 0.042333 ms MarkObjects: 2.171542 ms  DeleteObjects: 0.080291 ms)

========================================================================
Received Import Request.
  path: Assets/Scripts/PlayerScripts/Shooting.cs
  artifactKey: Guid(5c521d543a66c4ef1b0b61da88ed60ba) Importer(815301076,1909f56bfc062723c751e8b465ee728b)
Start importing Assets/Scripts/PlayerScripts/Shooting.cs using Guid(5c521d543a66c4ef1b0b61da88ed60ba) Importer(815301076,1909f56bfc062723c751e8b465ee728b)  -> (artifact id: 'c39c200b78fbbb40c7dc2d07b2d68525') in 0.216865 seconds
  Import took 0.220292 seconds .

========================================================================
Received Prepare
Registering precompiled user dll's ...
Registered in 0.001177 seconds.
Begin MonoManager ReloadAssembly
Native extension for WindowsStandalone target not found
Native extension for OSXStandalone target not found
Native extension for WebGL target not found
Refreshing native plugins compatible for Editor in 0.42 ms, found 1 plugins.
Preloading 0 native plugins for Editor in 0.00 ms.
Mono: successfully reloaded assembly
- Completed reload, in  2.655 seconds
Platform modules already initialized, skipping
Refreshing native plugins compatible for Editor in 0.32 ms, found 1 plugins.
Preloading 0 native plugins for Editor in 0.00 ms.
Unloading 2016 Unused Serialized files (Serialized files now loaded: 0)
System memory in use before: 260.4 MB.
System memory in use after: 260.5 MB.

Unloading 7 unused Assets to reduce memory usage. Loaded Objects now: 2501.
Total: 1.607583 ms (FindLiveObjects: 0.200083 ms CreateObjectMapping: 0.039792 ms MarkObjects: 1.314250 ms  DeleteObjects: 0.052416 ms)

========================================================================
Received Prepare
Registering precompiled user dll's ...
Registered in 0.001208 seconds.
Begin MonoManager ReloadAssembly
Native extension for WindowsStandalone target not found
Native extension for OSXStandalone target not found
Native extension for WebGL target not found
Refreshing native plugins compatible for Editor in 0.33 ms, found 1 plugins.
Preloading 0 native plugins for Editor in 0.00 ms.
Mono: successfully reloaded assembly
- Completed reload, in  2.746 seconds
Platform modules already initialized, skipping
Refreshing native plugins compatible for Editor in 0.32 ms, found 1 plugins.
Preloading 0 native plugins for Editor in 0.00 ms.
Unloading 2016 Unused Serialized files (Serialized files now loaded: 0)
System memory in use before: 260.9 MB.
System memory in use after: 260.9 MB.

Unloading 7 unused Assets to reduce memory usage. Loaded Objects now: 2504.
Total: 1.527500 ms (FindLiveObjects: 0.176250 ms CreateObjectMapping: 0.040958 ms MarkObjects: 1.258666 ms  DeleteObjects: 0.050583 ms)

========================================================================
Received Prepare
Registering precompiled user dll's ...
Registered in 0.001358 seconds.
Begin MonoManager ReloadAssembly
Native extension for WindowsStandalone target not found
Native extension for OSXStandalone target not found
Native extension for WebGL target not found
Refreshing native plugins compatible for Editor in 0.33 ms, found 1 plugins.
Preloading 0 native plugins for Editor in 0.00 ms.
Mono: successfully reloaded assembly
- Completed reload, in  2.857 seconds
Platform modules already initialized, skipping
Refreshing native plugins compatible for Editor in 0.32 ms, found 1 plugins.
Preloading 0 native plugins for Editor in 0.00 ms.
Unloading 2016 Unused Serialized files (Serialized files now loaded: 0)
System memory in use before: 261.3 MB.
System memory in use after: 261.4 MB.

Unloading 7 unused Assets to reduce memory usage. Loaded Objects now: 2507.
Total: 1.677667 ms (FindLiveObjects: 0.274541 ms CreateObjectMapping: 0.041625 ms MarkObjects: 1.303833 ms  DeleteObjects: 0.056791 ms)

========================================================================
Received Prepare
Registering precompiled user dll's ...
Registered in 0.001180 seconds.
Begin MonoManager ReloadAssembly
Native extension for WindowsStandalone target not found
Native extension for OSXStandalone target not found
Native extension for WebGL target not found
Refreshing native plugins compatible for Editor in 0.63 ms, found 1 plugins.
Preloading 0 native plugins for Editor in 0.00 ms.
Mono: successfully reloaded assembly
- Completed reload, in  2.808 seconds
Platform modules already initialized, skipping
Refreshing native plugins compatible for Editor in 0.47 ms, found 1 plugins.
Preloading 0 native plugins for Editor in 0.00 ms.
Unloading 2016 Unused Serialized files (Serialized files now loaded: 0)
System memory in use before: 261.6 MB.
System memory in use after: 261.7 MB.

Unloading 7 unused Assets to reduce memory usage. Loaded Objects now: 2510.
Total: 1.623000 ms (FindLiveObjects: 0.210583 ms CreateObjectMapping: 0.042583 ms MarkObjects: 1.312834 ms  DeleteObjects: 0.056166 ms)

========================================================================
Received Prepare
Registering precompiled user dll's ...
Registered in 0.001134 seconds.
Begin MonoManager ReloadAssembly
Native extension for WindowsStandalone target not found
Native extension for OSXStandalone target not found
Native extension for WebGL target not found
Refreshing native plugins compatible for Editor in 0.34 ms, found 1 plugins.
Preloading 0 native plugins for Editor in 0.00 ms.
Mono: successfully reloaded assembly
- Completed reload, in  2.679 seconds
Platform modules already initialized, skipping
Refreshing native plugins compatible for Editor in 0.33 ms, found 1 plugins.
Preloading 0 native plugins for Editor in 0.00 ms.
Unloading 2016 Unused Serialized files (Serialized files now loaded: 0)
System memory in use before: 262.0 MB.
System memory in use after: 262.1 MB.

Unloading 7 unused Assets to reduce memory usage. Loaded Objects now: 2513.
Total: 1.507625 ms (FindLiveObjects: 0.128875 ms CreateObjectMapping: 0.039000 ms MarkObjects: 1.288708 ms  DeleteObjects: 0.050041 ms)

========================================================================
Received Prepare
Registering precompiled user dll's ...
Registered in 0.002225 seconds.
Begin MonoManager ReloadAssembly
Native extension for WindowsStandalone target not found
Native extension for OSXStandalone target not found
Native extension for WebGL target not found
Refreshing native plugins compatible for Editor in 0.42 ms, found 1 plugins.
Preloading 0 native plugins for Editor in 0.00 ms.
Mono: successfully reloaded assembly
- Completed reload, in  2.584 seconds
Platform modules already initialized, skipping
Refreshing native plugins compatible for Editor in 0.32 ms, found 1 plugins.
Preloading 0 native plugins for Editor in 0.00 ms.
Unloading 2016 Unused Serialized files (Serialized files now loaded: 0)
System memory in use before: 262.4 MB.
System memory in use after: 262.4 MB.

Unloading 7 unused Assets to reduce memory usage. Loaded Objects now: 2516.
Total: 1.730042 ms (FindLiveObjects: 0.297875 ms CreateObjectMapping: 0.041792 ms MarkObjects: 1.327583 ms  DeleteObjects: 0.061792 ms)

========================================================================
Received Prepare
Registering precompiled user dll's ...
Registered in 0.002299 seconds.
Begin MonoManager ReloadAssembly
Native extension for WindowsStandalone target not found
Native extension for OSXStandalone target not found
Native extension for WebGL target not found
Refreshing native plugins compatible for Editor in 0.32 ms, found 1 plugins.
Preloading 0 native plugins for Editor in 0.00 ms.
Mono: successfully reloaded assembly
- Completed reload, in  2.671 seconds
Platform modules already initialized, skipping
Refreshing native plugins compatible for Editor in 0.32 ms, found 1 plugins.
Preloading 0 native plugins for Editor in 0.00 ms.
Unloading 2016 Unused Serialized files (Serialized files now loaded: 0)
System memory in use before: 262.8 MB.
System memory in use after: 262.9 MB.

Unloading 7 unused Assets to reduce memory usage. Loaded Objects now: 2519.
Total: 2.606125 ms (FindLiveObjects: 0.231500 ms CreateObjectMapping: 0.041375 ms MarkObjects: 2.280167 ms  DeleteObjects: 0.052291 ms)

========================================================================
Received Prepare
Registering precompiled user dll's ...
Registered in 0.002533 seconds.
Begin MonoManager ReloadAssembly
Native extension for WindowsStandalone target not found
Native extension for OSXStandalone target not found
Native extension for WebGL target not found
Refreshing native plugins compatible for Editor in 0.32 ms, found 1 plugins.
Preloading 0 native plugins for Editor in 0.00 ms.
Mono: successfully reloaded assembly
- Completed reload, in  2.552 seconds
Platform modules already initialized, skipping
Refreshing native plugins compatible for Editor in 0.32 ms, found 1 plugins.
Preloading 0 native plugins for Editor in 0.00 ms.
Unloading 2016 Unused Serialized files (Serialized files now loaded: 0)
System memory in use before: 263.2 MB.
System memory in use after: 263.2 MB.

Unloading 7 unused Assets to reduce memory usage. Loaded Objects now: 2522.
Total: 1.514458 ms (FindLiveObjects: 0.143875 ms CreateObjectMapping: 0.039834 ms MarkObjects: 1.278666 ms  DeleteObjects: 0.051125 ms)

========================================================================
Received Prepare
Registering precompiled user dll's ...
Registered in 0.001480 seconds.
Begin MonoManager ReloadAssembly
Native extension for WindowsStandalone target not found
Native extension for OSXStandalone target not found
Native extension for WebGL target not found
Refreshing native plugins compatible for Editor in 0.38 ms, found 1 plugins.
Preloading 0 native plugins for Editor in 0.00 ms.
Mono: successfully reloaded assembly
- Completed reload, in  2.915 seconds
Platform modules already initialized, skipping
Refreshing native plugins compatible for Editor in 0.31 ms, found 1 plugins.
Preloading 0 native plugins for Editor in 0.00 ms.
Unloading 2016 Unused Serialized files (Serialized files now loaded: 0)
System memory in use before: 263.5 MB.
System memory in use after: 263.6 MB.

Unloading 7 unused Assets to reduce memory usage. Loaded Objects now: 2525.
Total: 1.603250 ms (FindLiveObjects: 0.177292 ms CreateObjectMapping: 0.040708 ms MarkObjects: 1.328792 ms  DeleteObjects: 0.055500 ms)

========================================================================
Received Prepare
Registering precompiled user dll's ...
Registered in 0.001823 seconds.
Begin MonoManager ReloadAssembly
Native extension for WindowsStandalone target not found
Native extension for OSXStandalone target not found
Native extension for WebGL target not found
Refreshing native plugins compatible for Editor in 0.33 ms, found 1 plugins.
Preloading 0 native plugins for Editor in 0.00 ms.
Mono: successfully reloaded assembly
- Completed reload, in  2.789 seconds
Platform modules already initialized, skipping
Refreshing native plugins compatible for Editor in 0.32 ms, found 1 plugins.
Preloading 0 native plugins for Editor in 0.00 ms.
Unloading 2016 Unused Serialized files (Serialized files now loaded: 0)
System memory in use before: 263.9 MB.
System memory in use after: 263.9 MB.

Unloading 7 unused Assets to reduce memory usage. Loaded Objects now: 2528.
Total: 1.525667 ms (FindLiveObjects: 0.143292 ms CreateObjectMapping: 0.039041 ms MarkObjects: 1.285292 ms  DeleteObjects: 0.056958 ms)

========================================================================
Received Prepare
Registering precompiled user dll's ...
Registered in 0.001273 seconds.
Begin MonoManager ReloadAssembly
Native extension for WindowsStandalone target not found
Native extension for OSXStandalone target not found
Native extension for WebGL target not found
Refreshing native plugins compatible for Editor in 0.42 ms, found 1 plugins.
Preloading 0 native plugins for Editor in 0.00 ms.
Mono: successfully reloaded assembly
- Completed reload, in  2.726 seconds
Platform modules already initialized, skipping
Refreshing native plugins compatible for Editor in 0.34 ms, found 1 plugins.
Preloading 0 native plugins for Editor in 0.00 ms.
Unloading 2016 Unused Serialized files (Serialized files now loaded: 0)
System memory in use before: 264.3 MB.
System memory in use after: 264.4 MB.

Unloading 7 unused Assets to reduce memory usage. Loaded Objects now: 2531.
Total: 1.637250 ms (FindLiveObjects: 0.150667 ms CreateObjectMapping: 0.039833 ms MarkObjects: 1.390125 ms  DeleteObjects: 0.055750 ms)

========================================================================
Received Prepare
Registering precompiled user dll's ...
Registered in 0.001603 seconds.
Begin MonoManager ReloadAssembly
Native extension for WindowsStandalone target not found
Native extension for OSXStandalone target not found
Native extension for WebGL target not found
Refreshing native plugins compatible for Editor in 0.32 ms, found 1 plugins.
Preloading 0 native plugins for Editor in 0.00 ms.
Mono: successfully reloaded assembly
- Completed reload, in  2.589 seconds
Platform modules already initialized, skipping
Refreshing native plugins compatible for Editor in 0.36 ms, found 1 plugins.
Preloading 0 native plugins for Editor in 0.00 ms.
Unloading 2016 Unused Serialized files (Serialized files now loaded: 0)
System memory in use before: 264.7 MB.
System memory in use after: 264.8 MB.

Unloading 7 unused Assets to reduce memory usage. Loaded Objects now: 2534.
Total: 1.547000 ms (FindLiveObjects: 0.132209 ms CreateObjectMapping: 0.039875 ms MarkObjects: 1.321250 ms  DeleteObjects: 0.052792 ms)

========================================================================
Received Prepare
Registering precompiled user dll's ...
Registered in 0.002440 seconds.
Begin MonoManager ReloadAssembly
Native extension for WindowsStandalone target not found
Native extension for OSXStandalone target not found
Native extension for WebGL target not found
Refreshing native plugins compatible for Editor in 0.52 ms, found 1 plugins.
Preloading 0 native plugins for Editor in 0.00 ms.
Mono: successfully reloaded assembly
- Completed reload, in  2.690 seconds
Platform modules already initialized, skipping
Refreshing native plugins compatible for Editor in 0.33 ms, found 1 plugins.
Preloading 0 native plugins for Editor in 0.00 ms.
Unloading 2016 Unused Serialized files (Serialized files now loaded: 0)
System memory in use before: 265.1 MB.
System memory in use after: 265.1 MB.

Unloading 7 unused Assets to reduce memory usage. Loaded Objects now: 2537.
Total: 1.629708 ms (FindLiveObjects: 0.145166 ms CreateObjectMapping: 0.059125 ms MarkObjects: 1.364375 ms  DeleteObjects: 0.059916 ms)

========================================================================
Received Prepare
Registering precompiled user dll's ...
Registered in 0.001903 seconds.
Begin MonoManager ReloadAssembly
Native extension for WindowsStandalone target not found
Native extension for OSXStandalone target not found
Native extension for WebGL target not found
Refreshing native plugins compatible for Editor in 0.35 ms, found 1 plugins.
Preloading 0 native plugins for Editor in 0.00 ms.
Mono: successfully reloaded assembly
- Completed reload, in  2.779 seconds
Platform modules already initialized, skipping
Refreshing native plugins compatible for Editor in 0.32 ms, found 1 plugins.
Preloading 0 native plugins for Editor in 0.00 ms.
Unloading 2016 Unused Serialized files (Serialized files now loaded: 0)
System memory in use before: 265.4 MB.
System memory in use after: 265.5 MB.

Unloading 7 unused Assets to reduce memory usage. Loaded Objects now: 2540.
Total: 1.804291 ms (FindLiveObjects: 0.233417 ms CreateObjectMapping: 0.042625 ms MarkObjects: 1.466042 ms  DeleteObjects: 0.061292 ms)

========================================================================
Received Prepare
Registering precompiled user dll's ...
Registered in 0.001057 seconds.
Begin MonoManager ReloadAssembly
Native extension for WindowsStandalone target not found
Native extension for OSXStandalone target not found
Native extension for WebGL target not found
Refreshing native plugins compatible for Editor in 0.45 ms, found 1 plugins.
Preloading 0 native plugins for Editor in 0.00 ms.
Mono: successfully reloaded assembly
- Completed reload, in  2.802 seconds
Platform modules already initialized, skipping
Refreshing native plugins compatible for Editor in 0.32 ms, found 1 plugins.
Preloading 0 native plugins for Editor in 0.00 ms.
Unloading 2016 Unused Serialized files (Serialized files now loaded: 0)
System memory in use before: 265.8 MB.
System memory in use after: 265.8 MB.

Unloading 7 unused Assets to reduce memory usage. Loaded Objects now: 2543.
Total: 1.626250 ms (FindLiveObjects: 0.198583 ms CreateObjectMapping: 0.040125 ms MarkObjects: 1.332459 ms  DeleteObjects: 0.054291 ms)

========================================================================
Received Prepare
Registering precompiled user dll's ...
Registered in 0.002058 seconds.
Begin MonoManager ReloadAssembly
Native extension for WindowsStandalone target not found
Native extension for OSXStandalone target not found
Native extension for WebGL target not found
Refreshing native plugins compatible for Editor in 0.32 ms, found 1 plugins.
Preloading 0 native plugins for Editor in 0.00 ms.
Mono: successfully reloaded assembly
- Completed reload, in  2.585 seconds
Platform modules already initialized, skipping
Refreshing native plugins compatible for Editor in 0.32 ms, found 1 plugins.
Preloading 0 native plugins for Editor in 0.00 ms.
Unloading 2016 Unused Serialized files (Serialized files now loaded: 0)
System memory in use before: 266.1 MB.
System memory in use after: 266.2 MB.

Unloading 7 unused Assets to reduce memory usage. Loaded Objects now: 2546.
Total: 1.653750 ms (FindLiveObjects: 0.229125 ms CreateObjectMapping: 0.040000 ms MarkObjects: 1.331459 ms  DeleteObjects: 0.052125 ms)

========================================================================
Received Prepare
Registering precompiled user dll's ...
Registered in 0.001120 seconds.
Begin MonoManager ReloadAssembly
Native extension for WindowsStandalone target not found
Native extension for OSXStandalone target not found
Native extension for WebGL target not found
Refreshing native plugins compatible for Editor in 0.35 ms, found 1 plugins.
Preloading 0 native plugins for Editor in 0.00 ms.
Mono: successfully reloaded assembly
- Completed reload, in  2.843 seconds
Platform modules already initialized, skipping
Refreshing native plugins compatible for Editor in 0.32 ms, found 1 plugins.
Preloading 0 native plugins for Editor in 0.00 ms.
Unloading 2016 Unused Serialized files (Serialized files now loaded: 0)
System memory in use before: 266.6 MB.
System memory in use after: 266.6 MB.

Unloading 7 unused Assets to reduce memory usage. Loaded Objects now: 2549.
Total: 1.645208 ms (FindLiveObjects: 0.204375 ms CreateObjectMapping: 0.040041 ms MarkObjects: 1.344125 ms  DeleteObjects: 0.055709 ms)

========================================================================
Received Prepare
Registering precompiled user dll's ...
Registered in 0.001309 seconds.
Begin MonoManager ReloadAssembly
Native extension for WindowsStandalone target not found
Native extension for OSXStandalone target not found
Native extension for WebGL target not found
Refreshing native plugins compatible for Editor in 0.32 ms, found 1 plugins.
Preloading 0 native plugins for Editor in 0.00 ms.
Mono: successfully reloaded assembly
- Completed reload, in  2.681 seconds
Platform modules already initialized, skipping
Refreshing native plugins compatible for Editor in 0.33 ms, found 1 plugins.
Preloading 0 native plugins for Editor in 0.00 ms.
Unloading 2016 Unused Serialized files (Serialized files now loaded: 0)
System memory in use before: 266.9 MB.
System memory in use after: 267.0 MB.

Unloading 7 unused Assets to reduce memory usage. Loaded Objects now: 2552.
Total: 1.552834 ms (FindLiveObjects: 0.155916 ms CreateObjectMapping: 0.040584 ms MarkObjects: 1.301708 ms  DeleteObjects: 0.053792 ms)

========================================================================
Received Prepare
Registering precompiled user dll's ...
Registered in 0.001374 seconds.
Begin MonoManager ReloadAssembly
Native extension for WindowsStandalone target not found
Native extension for OSXStandalone target not found
Native extension for WebGL target not found
Refreshing native plugins compatible for Editor in 0.36 ms, found 1 plugins.
Preloading 0 native plugins for Editor in 0.00 ms.
Mono: successfully reloaded assembly
- Completed reload, in  2.825 seconds
Platform modules already initialized, skipping
Refreshing native plugins compatible for Editor in 0.32 ms, found 1 plugins.
Preloading 0 native plugins for Editor in 0.00 ms.
Unloading 2016 Unused Serialized files (Serialized files now loaded: 0)
System memory in use before: 267.3 MB.
System memory in use after: 267.4 MB.

Unloading 7 unused Assets to reduce memory usage. Loaded Objects now: 2555.
Total: 2.706416 ms (FindLiveObjects: 0.298583 ms CreateObjectMapping: 0.039792 ms MarkObjects: 2.303083 ms  DeleteObjects: 0.064084 ms)

========================================================================
Received Prepare
Registering precompiled user dll's ...
Registered in 0.002290 seconds.
Begin MonoManager ReloadAssembly
Native extension for WindowsStandalone target not found
Native extension for OSXStandalone target not found
Native extension for WebGL target not found
Refreshing native plugins compatible for Editor in 0.36 ms, found 1 plugins.
Preloading 0 native plugins for Editor in 0.00 ms.
Mono: successfully reloaded assembly
- Completed reload, in  2.690 seconds
Platform modules already initialized, skipping
Refreshing native plugins compatible for Editor in 0.35 ms, found 1 plugins.
Preloading 0 native plugins for Editor in 0.00 ms.
Unloading 2016 Unused Serialized files (Serialized files now loaded: 0)
System memory in use before: 267.7 MB.
System memory in use after: 267.7 MB.

Unloading 7 unused Assets to reduce memory usage. Loaded Objects now: 2558.
Total: 1.758000 ms (FindLiveObjects: 0.252875 ms CreateObjectMapping: 0.040333 ms MarkObjects: 1.403167 ms  DeleteObjects: 0.060750 ms)

========================================================================
Received Prepare
Registering precompiled user dll's ...
Registered in 0.002533 seconds.
Begin MonoManager ReloadAssembly
Native extension for WindowsStandalone target not found
Native extension for OSXStandalone target not found
Native extension for WebGL target not found
Refreshing native plugins compatible for Editor in 0.39 ms, found 1 plugins.
Preloading 0 native plugins for Editor in 0.00 ms.
Mono: successfully reloaded assembly
- Completed reload, in  2.651 seconds
Platform modules already initialized, skipping
Refreshing native plugins compatible for Editor in 0.33 ms, found 1 plugins.
Preloading 0 native plugins for Editor in 0.00 ms.
Unloading 2016 Unused Serialized files (Serialized files now loaded: 0)
System memory in use before: 268.0 MB.
System memory in use after: 268.1 MB.

Unloading 7 unused Assets to reduce memory usage. Loaded Objects now: 2561.
Total: 1.648084 ms (FindLiveObjects: 0.216375 ms CreateObjectMapping: 0.050625 ms MarkObjects: 1.327625 ms  DeleteObjects: 0.052375 ms)

========================================================================
Received Prepare
Registering precompiled user dll's ...
Registered in 0.001587 seconds.
Begin MonoManager ReloadAssembly
Native extension for WindowsStandalone target not found
Native extension for OSXStandalone target not found
Native extension for WebGL target not found
Refreshing native plugins compatible for Editor in 0.67 ms, found 1 plugins.
Preloading 0 native plugins for Editor in 0.00 ms.
Mono: successfully reloaded assembly
- Completed reload, in  3.059 seconds
Platform modules already initialized, skipping
Refreshing native plugins compatible for Editor in 0.34 ms, found 1 plugins.
Preloading 0 native plugins for Editor in 0.00 ms.
Unloading 2016 Unused Serialized files (Serialized files now loaded: 0)
System memory in use before: 268.4 MB.
System memory in use after: 268.5 MB.

Unloading 7 unused Assets to reduce memory usage. Loaded Objects now: 2564.
Total: 1.899667 ms (FindLiveObjects: 0.185083 ms CreateObjectMapping: 0.059834 ms MarkObjects: 1.585375 ms  DeleteObjects: 0.068083 ms)

========================================================================
Received Prepare
Registering precompiled user dll's ...
Registered in 0.001132 seconds.
Begin MonoManager ReloadAssembly
Native extension for WindowsStandalone target not found
Native extension for OSXStandalone target not found
Native extension for WebGL target not found
Refreshing native plugins compatible for Editor in 0.34 ms, found 1 plugins.
Preloading 0 native plugins for Editor in 0.00 ms.
Mono: successfully reloaded assembly
- Completed reload, in  2.754 seconds
Platform modules already initialized, skipping
Refreshing native plugins compatible for Editor in 0.32 ms, found 1 plugins.
Preloading 0 native plugins for Editor in 0.00 ms.
Unloading 2016 Unused Serialized files (Serialized files now loaded: 0)
System memory in use before: 268.8 MB.
System memory in use after: 268.9 MB.

Unloading 7 unused Assets to reduce memory usage. Loaded Objects now: 2567.
Total: 1.549958 ms (FindLiveObjects: 0.126916 ms CreateObjectMapping: 0.040959 ms MarkObjects: 1.333125 ms  DeleteObjects: 0.048084 ms)

========================================================================
Received Prepare
Registering precompiled user dll's ...
Registered in 0.002441 seconds.
Begin MonoManager ReloadAssembly
Native extension for WindowsStandalone target not found
Native extension for OSXStandalone target not found
Native extension for WebGL target not found
Refreshing native plugins compatible for Editor in 0.85 ms, found 1 plugins.
Preloading 0 native plugins for Editor in 0.00 ms.
Mono: successfully reloaded assembly
- Completed reload, in  3.118 seconds
Platform modules already initialized, skipping
Refreshing native plugins compatible for Editor in 0.34 ms, found 1 plugins.
Preloading 0 native plugins for Editor in 0.00 ms.
Unloading 2016 Unused Serialized files (Serialized files now loaded: 0)
System memory in use before: 269.2 MB.
System memory in use after: 269.3 MB.

Unloading 7 unused Assets to reduce memory usage. Loaded Objects now: 2570.
Total: 1.963458 ms (FindLiveObjects: 0.244917 ms CreateObjectMapping: 0.055833 ms MarkObjects: 1.598333 ms  DeleteObjects: 0.063042 ms)

========================================================================
Received Prepare
Registering precompiled user dll's ...
Registered in 0.001222 seconds.
Begin MonoManager ReloadAssembly
Native extension for WindowsStandalone target not found
Native extension for OSXStandalone target not found
Native extension for WebGL target not found
Refreshing native plugins compatible for Editor in 0.33 ms, found 1 plugins.
Preloading 0 native plugins for Editor in 0.00 ms.
Mono: successfully reloaded assembly
- Completed reload, in  2.740 seconds
Platform modules already initialized, skipping
Refreshing native plugins compatible for Editor in 0.32 ms, found 1 plugins.
Preloading 0 native plugins for Editor in 0.00 ms.
Unloading 2016 Unused Serialized files (Serialized files now loaded: 0)
System memory in use before: 269.6 MB.
System memory in use after: 269.6 MB.

Unloading 7 unused Assets to reduce memory usage. Loaded Objects now: 2573.
Total: 1.663291 ms (FindLiveObjects: 0.135584 ms CreateObjectMapping: 0.057208 ms MarkObjects: 1.418750 ms  DeleteObjects: 0.050791 ms)

========================================================================
Received Prepare
Registering precompiled user dll's ...
Registered in 0.002639 seconds.
Begin MonoManager ReloadAssembly
Native extension for WindowsStandalone target not found
Native extension for OSXStandalone target not found
Native extension for WebGL target not found
Refreshing native plugins compatible for Editor in 0.57 ms, found 1 plugins.
Preloading 0 native plugins for Editor in 0.00 ms.
Mono: successfully reloaded assembly
- Completed reload, in  2.713 seconds
Platform modules already initialized, skipping
Refreshing native plugins compatible for Editor in 0.31 ms, found 1 plugins.
Preloading 0 native plugins for Editor in 0.00 ms.
Unloading 2016 Unused Serialized files (Serialized files now loaded: 0)
System memory in use before: 269.9 MB.
System memory in use after: 270.0 MB.

Unloading 7 unused Assets to reduce memory usage. Loaded Objects now: 2576.
Total: 1.683834 ms (FindLiveObjects: 0.229875 ms CreateObjectMapping: 0.040541 ms MarkObjects: 1.358292 ms  DeleteObjects: 0.054167 ms)

========================================================================
Received Prepare
Registering precompiled user dll's ...
Registered in 0.001273 seconds.
Begin MonoManager ReloadAssembly
Native extension for WindowsStandalone target not found
Native extension for OSXStandalone target not found
Native extension for WebGL target not found
Refreshing native plugins compatible for Editor in 0.33 ms, found 1 plugins.
Preloading 0 native plugins for Editor in 0.00 ms.
Mono: successfully reloaded assembly
- Completed reload, in  2.865 seconds
Platform modules already initialized, skipping
Refreshing native plugins compatible for Editor in 0.50 ms, found 1 plugins.
Preloading 0 native plugins for Editor in 0.00 ms.
Unloading 2016 Unused Serialized files (Serialized files now loaded: 0)
System memory in use before: 270.4 MB.
System memory in use after: 270.4 MB.

Unloading 7 unused Assets to reduce memory usage. Loaded Objects now: 2579.
Total: 3.312958 ms (FindLiveObjects: 0.759459 ms CreateObjectMapping: 0.059833 ms MarkObjects: 2.351750 ms  DeleteObjects: 0.140792 ms)

========================================================================
Received Prepare
Registering precompiled user dll's ...
Registered in 0.001335 seconds.
Begin MonoManager ReloadAssembly
Native extension for WindowsStandalone target not found
Native extension for OSXStandalone target not found
Native extension for WebGL target not found
Refreshing native plugins compatible for Editor in 0.34 ms, found 1 plugins.
Preloading 0 native plugins for Editor in 0.00 ms.
Mono: successfully reloaded assembly
- Completed reload, in  2.971 seconds
Platform modules already initialized, skipping
Refreshing native plugins compatible for Editor in 0.35 ms, found 1 plugins.
Preloading 0 native plugins for Editor in 0.00 ms.
Unloading 2016 Unused Serialized files (Serialized files now loaded: 0)
System memory in use before: 270.8 MB.
System memory in use after: 270.8 MB.

Unloading 7 unused Assets to reduce memory usage. Loaded Objects now: 2582.
Total: 3.564958 ms (FindLiveObjects: 0.264125 ms CreateObjectMapping: 0.049959 ms MarkObjects: 3.175959 ms  DeleteObjects: 0.073666 ms)

========================================================================
Received Prepare
Registering precompiled user dll's ...
Registered in 0.001488 seconds.
Begin MonoManager ReloadAssembly
Native extension for WindowsStandalone target not found
Native extension for OSXStandalone target not found
Native extension for WebGL target not found
Refreshing native plugins compatible for Editor in 0.34 ms, found 1 plugins.
Preloading 0 native plugins for Editor in 0.00 ms.
Mono: successfully reloaded assembly
- Completed reload, in  2.953 seconds
Platform modules already initialized, skipping
Refreshing native plugins compatible for Editor in 0.36 ms, found 1 plugins.
Preloading 0 native plugins for Editor in 0.00 ms.
Unloading 2016 Unused Serialized files (Serialized files now loaded: 0)
System memory in use before: 271.1 MB.
System memory in use after: 271.2 MB.

Unloading 7 unused Assets to reduce memory usage. Loaded Objects now: 2585.
Total: 4.728458 ms (FindLiveObjects: 0.316792 ms CreateObjectMapping: 0.055541 ms MarkObjects: 4.256792 ms  DeleteObjects: 0.097542 ms)

========================================================================
Received Prepare
Registering precompiled user dll's ...
Registered in 0.001237 seconds.
Begin MonoManager ReloadAssembly
Native extension for WindowsStandalone target not found
Native extension for OSXStandalone target not found
Native extension for WebGL target not found
Refreshing native plugins compatible for Editor in 0.42 ms, found 1 plugins.
Preloading 0 native plugins for Editor in 0.00 ms.
Mono: successfully reloaded assembly
- Completed reload, in  3.086 seconds
Platform modules already initialized, skipping
Refreshing native plugins compatible for Editor in 0.42 ms, found 1 plugins.
Preloading 0 native plugins for Editor in 0.00 ms.
Unloading 2016 Unused Serialized files (Serialized files now loaded: 0)
System memory in use before: 271.4 MB.
System memory in use after: 271.5 MB.

Unloading 7 unused Assets to reduce memory usage. Loaded Objects now: 2588.
Total: 2.420292 ms (FindLiveObjects: 0.169625 ms CreateObjectMapping: 0.063625 ms MarkObjects: 2.120583 ms  DeleteObjects: 0.065416 ms)

========================================================================
Received Prepare
Registering precompiled user dll's ...
Registered in 0.001122 seconds.
Begin MonoManager ReloadAssembly
Native extension for WindowsStandalone target not found
Native extension for OSXStandalone target not found
Native extension for WebGL target not found
Refreshing native plugins compatible for Editor in 0.33 ms, found 1 plugins.
Preloading 0 native plugins for Editor in 0.00 ms.
Mono: successfully reloaded assembly
- Completed reload, in  3.152 seconds
Platform modules already initialized, skipping
Refreshing native plugins compatible for Editor in 0.35 ms, found 1 plugins.
Preloading 0 native plugins for Editor in 0.00 ms.
Unloading 2016 Unused Serialized files (Serialized files now loaded: 0)
System memory in use before: 271.8 MB.
System memory in use after: 271.9 MB.

Unloading 7 unused Assets to reduce memory usage. Loaded Objects now: 2591.
Total: 5.304458 ms (FindLiveObjects: 0.313375 ms CreateObjectMapping: 0.067459 ms MarkObjects: 4.819209 ms  DeleteObjects: 0.102958 ms)

========================================================================
Received Prepare
Registering precompiled user dll's ...
Registered in 0.001455 seconds.
Begin MonoManager ReloadAssembly
Native extension for WindowsStandalone target not found
Native extension for OSXStandalone target not found
Native extension for WebGL target not found
Refreshing native plugins compatible for Editor in 0.34 ms, found 1 plugins.
Preloading 0 native plugins for Editor in 0.00 ms.
Mono: successfully reloaded assembly
- Completed reload, in  2.980 seconds
Platform modules already initialized, skipping
Refreshing native plugins compatible for Editor in 0.35 ms, found 1 plugins.
Preloading 0 native plugins for Editor in 0.00 ms.
Unloading 2016 Unused Serialized files (Serialized files now loaded: 0)
System memory in use before: 272.2 MB.
System memory in use after: 272.3 MB.

Unloading 7 unused Assets to reduce memory usage. Loaded Objects now: 2594.
Total: 2.742333 ms (FindLiveObjects: 0.264791 ms CreateObjectMapping: 0.044625 ms MarkObjects: 2.359709 ms  DeleteObjects: 0.071541 ms)

========================================================================
Received Prepare
Registering precompiled user dll's ...
Registered in 0.001387 seconds.
Begin MonoManager ReloadAssembly
Native extension for WindowsStandalone target not found
Native extension for OSXStandalone target not found
Native extension for WebGL target not found
Refreshing native plugins compatible for Editor in 0.33 ms, found 1 plugins.
Preloading 0 native plugins for Editor in 0.00 ms.
Mono: successfully reloaded assembly
- Completed reload, in  2.860 seconds
Platform modules already initialized, skipping
Refreshing native plugins compatible for Editor in 0.32 ms, found 1 plugins.
Preloading 0 native plugins for Editor in 0.00 ms.
Unloading 2016 Unused Serialized files (Serialized files now loaded: 0)
System memory in use before: 272.6 MB.
System memory in use after: 272.7 MB.

Unloading 7 unused Assets to reduce memory usage. Loaded Objects now: 2597.
Total: 1.781750 ms (FindLiveObjects: 0.194750 ms CreateObjectMapping: 0.048042 ms MarkObjects: 1.475916 ms  DeleteObjects: 0.062125 ms)

========================================================================
Received Prepare
Registering precompiled user dll's ...
Registered in 0.001202 seconds.
Begin MonoManager ReloadAssembly
Native extension for WindowsStandalone target not found
Native extension for OSXStandalone target not found
Native extension for WebGL target not found
Refreshing native plugins compatible for Editor in 0.33 ms, found 1 plugins.
Preloading 0 native plugins for Editor in 0.00 ms.
Mono: successfully reloaded assembly
- Completed reload, in  2.910 seconds
Platform modules already initialized, skipping
Refreshing native plugins compatible for Editor in 0.33 ms, found 1 plugins.
Preloading 0 native plugins for Editor in 0.00 ms.
Unloading 2016 Unused Serialized files (Serialized files now loaded: 0)
System memory in use before: 273.0 MB.
System memory in use after: 273.0 MB.

Unloading 7 unused Assets to reduce memory usage. Loaded Objects now: 2600.
Total: 1.745500 ms (FindLiveObjects: 0.245125 ms CreateObjectMapping: 0.063666 ms MarkObjects: 1.380333 ms  DeleteObjects: 0.055000 ms)

========================================================================
Received Prepare
Registering precompiled user dll's ...
Registered in 0.002547 seconds.
Begin MonoManager ReloadAssembly
Native extension for WindowsStandalone target not found
Native extension for OSXStandalone target not found
Native extension for WebGL target not found
Refreshing native plugins compatible for Editor in 0.32 ms, found 1 plugins.
Preloading 0 native plugins for Editor in 0.00 ms.
Mono: successfully reloaded assembly
- Completed reload, in  2.750 seconds
Platform modules already initialized, skipping
Refreshing native plugins compatible for Editor in 0.47 ms, found 1 plugins.
Preloading 0 native plugins for Editor in 0.00 ms.
Unloading 2016 Unused Serialized files (Serialized files now loaded: 0)
System memory in use before: 273.3 MB.
System memory in use after: 273.4 MB.

Unloading 7 unused Assets to reduce memory usage. Loaded Objects now: 2603.
Total: 1.624459 ms (FindLiveObjects: 0.201042 ms CreateObjectMapping: 0.040041 ms MarkObjects: 1.328959 ms  DeleteObjects: 0.053250 ms)

========================================================================
Received Prepare
Registering precompiled user dll's ...
Registered in 0.001385 seconds.
Begin MonoManager ReloadAssembly
Native extension for WindowsStandalone target not found
Native extension for OSXStandalone target not found
Native extension for WebGL target not found
Refreshing native plugins compatible for Editor in 0.33 ms, found 1 plugins.
Preloading 0 native plugins for Editor in 0.00 ms.
Mono: successfully reloaded assembly
- Completed reload, in  2.952 seconds
Platform modules already initialized, skipping
Refreshing native plugins compatible for Editor in 0.35 ms, found 1 plugins.
Preloading 0 native plugins for Editor in 0.00 ms.
Unloading 2016 Unused Serialized files (Serialized files now loaded: 0)
System memory in use before: 273.7 MB.
System memory in use after: 273.8 MB.

Unloading 7 unused Assets to reduce memory usage. Loaded Objects now: 2606.
Total: 2.506500 ms (FindLiveObjects: 0.276208 ms CreateObjectMapping: 0.042167 ms MarkObjects: 2.119458 ms  DeleteObjects: 0.067791 ms)

========================================================================
Received Prepare
Registering precompiled user dll's ...
Registered in 0.001666 seconds.
Begin MonoManager ReloadAssembly
Native extension for WindowsStandalone target not found
Native extension for OSXStandalone target not found
Native extension for WebGL target not found
Refreshing native plugins compatible for Editor in 0.34 ms, found 1 plugins.
Preloading 0 native plugins for Editor in 0.00 ms.
Mono: successfully reloaded assembly
- Completed reload, in  2.934 seconds
Platform modules already initialized, skipping
Refreshing native plugins compatible for Editor in 0.33 ms, found 1 plugins.
Preloading 0 native plugins for Editor in 0.00 ms.
Unloading 2016 Unused Serialized files (Serialized files now loaded: 0)
System memory in use before: 274.2 MB.
System memory in use after: 274.2 MB.

Unloading 7 unused Assets to reduce memory usage. Loaded Objects now: 2609.
Total: 2.762458 ms (FindLiveObjects: 0.193042 ms CreateObjectMapping: 0.062583 ms MarkObjects: 2.443500 ms  DeleteObjects: 0.062166 ms)

